[INFO ] 2021-06-24 23:41:54.026 [main] CommonFunction - Property file Loaded
[INFO ] 2021-06-24 23:42:07.749 [main] CommonFunction - Browser Opened
[INFO ] 2021-06-24 23:42:17.500 [main] CommonFunction - getting url
[INFO ] 2021-06-24 23:42:29.838 [main] CommonFunction - 6th Standard Science function running
[INFO ] 2021-06-24 23:42:32.240 [main] CommonFunction - BookBack Question Clicked
[INFO ] 2021-06-24 23:42:32.808 [main] CommonFunction - 6th Standard Science Clicked
[INFO ] 2021-06-24 23:42:33.015 [main] CommonFunction - Subscription Popup Closed
[INFO ] 2021-06-24 23:42:33.015 [main] CommonFunction - 6th Standard Science function Finished
[INFO ] 2021-06-24 23:42:33.041 [main] CommonFunction - 6th Standard SocialScience function running
[INFO ] 2021-06-24 23:42:33.258 [main] CommonFunction - 6th Standard SocialScience Clicked
[INFO ] 2021-06-24 23:42:33.298 [main] CommonFunction - Subscription Popup Closed
[INFO ] 2021-06-24 23:42:33.298 [main] CommonFunction - 6th Standard SocialScience function finished
[INFO ] 2021-06-24 23:42:33.302 [main] CommonFunction - 7th Standard Science function running
[INFO ] 2021-06-24 23:42:33.538 [main] CommonFunction - 7th_Standard science clicked
[INFO ] 2021-06-24 23:42:33.615 [main] CommonFunction - Subscription Popup Closed
[INFO ] 2021-06-24 23:42:33.616 [main] CommonFunction - 7th Standard Science function Finished
[INFO ] 2021-06-24 23:42:33.619 [main] CommonFunction - 7th Standard SocialScience function running
[INFO ] 2021-06-24 23:42:33.791 [main] CommonFunction - 7th Standard SocialScience Clicked
[INFO ] 2021-06-24 23:42:33.947 [main] CommonFunction - Subscription Popup Closed
[INFO ] 2021-06-24 23:42:33.947 [main] CommonFunction - 7th Standard SocialScience function finished
[INFO ] 2021-06-24 23:42:33.950 [main] CommonFunction - 8th Standard Science function running
[INFO ] 2021-06-24 23:42:34.194 [main] CommonFunction - 8th_Standard science clicked
[INFO ] 2021-06-24 23:42:34.243 [main] CommonFunction - Subscription Popup Closed
[INFO ] 2021-06-24 23:42:34.243 [main] CommonFunction - 8th Standard Science function finished
[INFO ] 2021-06-24 23:42:34.245 [main] CommonFunction - 8th Standard SocialScience function running
[INFO ] 2021-06-24 23:42:34.360 [main] CommonFunction - 8th Standard SocialScience clicked
[INFO ] 2021-06-24 23:42:34.410 [main] CommonFunction - Subscription Popup Closed
[INFO ] 2021-06-24 23:42:34.410 [main] CommonFunction - 8th Standard SocialScience function finished
[INFO ] 2021-06-24 23:42:34.413 [main] CommonFunction - 9th Standard Science function running
[INFO ] 2021-06-24 23:42:34.622 [main] CommonFunction - 9th_Standard science clicked
[INFO ] 2021-06-24 23:42:34.692 [main] CommonFunction - Subscription Popup Closed
[INFO ] 2021-06-24 23:42:34.693 [main] CommonFunction - 9th Standard Science function finished
[INFO ] 2021-06-24 23:42:34.695 [main] CommonFunction - 9th Standard SocialScience function running
[INFO ] 2021-06-24 23:42:34.948 [main] CommonFunction - 9th Standard SocialScience clicked
[INFO ] 2021-06-24 23:42:35.024 [main] CommonFunction - Subscription Popup Closed
[INFO ] 2021-06-24 23:42:35.025 [main] CommonFunction - 9th Standard SocialScience function finished
[INFO ] 2021-06-24 23:42:35.028 [main] CommonFunction - 10th Standard Science function running
[INFO ] 2021-06-24 23:42:35.272 [main] CommonFunction - 10th Standard Science Clicked
[INFO ] 2021-06-24 23:42:35.319 [main] CommonFunction - Subscription Popup Closed
[INFO ] 2021-06-24 23:42:35.319 [main] CommonFunction - 10th Standard Science function finished
[INFO ] 2021-06-24 23:42:35.322 [main] CommonFunction - 10th Standard SocialScience function running
[INFO ] 2021-06-24 23:42:35.495 [main] CommonFunction - 10th Standard SocialScience clicked
[INFO ] 2021-06-24 23:42:35.538 [main] CommonFunction - Subscription Popup Closed
[INFO ] 2021-06-24 23:42:35.539 [main] CommonFunction - 10th Standard SocialScience function finished
[INFO ] 2021-06-24 23:42:37.239 [main] CommonFunction - Browser closed
