[INFO ] 2021-06-25 00:13:01.591 [main] CommonFunction - Property file Loaded
[INFO ] 2021-06-25 00:13:08.643 [main] CommonFunction - Browser Opened
[INFO ] 2021-06-25 00:13:24.143 [main] CommonFunction - getting url
[INFO ] 2021-06-25 00:13:29.204 [main] CommonFunction - Figures of Speech function running
[INFO ] 2021-06-25 00:13:45.997 [main] CommonFunction - LanguageMaterial clicked
[INFO ] 2021-06-25 00:13:47.963 [main] CommonFunction - Part B Clicked
[INFO ] 2021-06-25 00:13:48.125 [main] CommonFunction - Figures of Speech clicked
[INFO ] 2021-06-25 00:13:48.814 [main] CommonFunction - sample material clicked
[INFO ] 2021-06-25 00:13:49.071 [main] CommonFunction - File Downloaded
[INFO ] 2021-06-25 00:13:49.072 [main] CommonFunction - Figures of Speech function finished
[INFO ] 2021-06-25 00:13:49.811 [main] CommonFunction - Appreciations questions from poetry function running
[INFO ] 2021-06-25 00:13:50.530 [main] CommonFunction - Appreciations questions from poetry  clicked
[INFO ] 2021-06-25 00:13:51.736 [main] CommonFunction - Sample Material clicked
[INFO ] 2021-06-25 00:13:51.736 [main] CommonFunction - Appreciations questions from poetry function finished
[INFO ] 2021-06-25 00:13:52.598 [main] CommonFunction - Important lines from Poems function running
[INFO ] 2021-06-25 00:13:52.895 [main] CommonFunction - Important lines from Poems clicked
[INFO ] 2021-06-25 00:13:54.166 [main] CommonFunction - sample material clicked
[INFO ] 2021-06-25 00:13:54.166 [main] CommonFunction - Important lines from Poems function finished
[INFO ] 2021-06-25 00:13:54.847 [main] CommonFunction - Questionon the Biography function running
[INFO ] 2021-06-25 00:13:55.089 [main] CommonFunction - Questionon the Biography clicked
[INFO ] 2021-06-25 00:13:55.792 [main] CommonFunction - sample material clicked
[INFO ] 2021-06-25 00:13:55.793 [main] CommonFunction - Questionon the Biography function finished
[INFO ] 2021-06-25 00:13:56.286 [main] CommonFunction - Questions on Shakespeare function running
[INFO ] 2021-06-25 00:13:56.558 [main] CommonFunction - Questions on Shakespeare clicked
[INFO ] 2021-06-25 00:13:57.240 [main] CommonFunction - sample material clicked
[INFO ] 2021-06-25 00:13:57.243 [main] CommonFunction - Questions on Shakespeare function finished
[INFO ] 2021-06-25 00:13:57.648 [main] CommonFunction - Question from Oscars Wildes function running
[INFO ] 2021-06-25 00:13:57.884 [main] CommonFunction - Question from Oscars Wildes clicked
[INFO ] 2021-06-25 00:13:58.543 [main] CommonFunction - sample material clicked
[INFO ] 2021-06-25 00:13:58.543 [main] CommonFunction - Question from Oscars Wildes function finished
[INFO ] 2021-06-25 00:13:58.986 [main] CommonFunction - Dr.KarlPaulnack's function running
[INFO ] 2021-06-25 00:13:59.200 [main] CommonFunction - Dr.KarlPaulnack's clicked
[INFO ] 2021-06-25 00:13:59.741 [main] CommonFunction - sample material clicked
[INFO ] 2021-06-25 00:13:59.741 [main] CommonFunction - Dr.KarlPaulnack's function finished
[INFO ] 2021-06-25 00:14:00.185 [main] CommonFunction - Comprehension Questions From Motivational Essays function running
[INFO ] 2021-06-25 00:14:00.450 [main] CommonFunction - Comprehension Questions From Motivational Essays clicked
[INFO ] 2021-06-25 00:14:01.089 [main] CommonFunction - sample material clicked
[INFO ] 2021-06-25 00:14:01.089 [main] CommonFunction - Comprehension Questions From Motivational Essays function finished
[INFO ] 2021-06-25 00:14:01.500 [main] CommonFunction - Comprehension questions from the description of places function running
[INFO ] 2021-06-25 00:14:01.699 [main] CommonFunction - Comprehension questions from the description of places clicked
[INFO ] 2021-06-25 00:14:02.391 [main] CommonFunction - sample material clicked
[INFO ] 2021-06-25 00:14:02.391 [main] CommonFunction - Comprehension questions from the description of places function finished
[INFO ] 2021-06-25 00:14:02.798 [main] CommonFunction - British English and American English function running
[INFO ] 2021-06-25 00:14:03.024 [main] CommonFunction - British English and American English clicked
[INFO ] 2021-06-25 00:14:03.588 [main] CommonFunction - sample material clicked
[INFO ] 2021-06-25 00:14:03.589 [main] CommonFunction - British English and American English function finished
[INFO ] 2021-06-25 00:14:30.707 [main] CommonFunction - PracticeQuestion function running
[INFO ] 2021-06-25 00:14:31.395 [main] CommonFunction - LanguageMaterial clicked
[INFO ] 2021-06-25 00:14:31.950 [main] CommonFunction - PracticeQuestion clicked
[INFO ] 2021-06-25 00:14:32.185 [main] CommonFunction - Popup closed
[INFO ] 2021-06-25 00:14:32.185 [main] CommonFunction - PracticeQuestion function finished
[INFO ] 2021-06-25 00:14:34.654 [main] CommonFunction - Browser closed
