[INFO ] 2021-06-23 00:57:02.757 [main] CommonFunction - Property file Loaded
[INFO ] 2021-06-23 00:57:06.759 [main] CommonFunction - Browser Opened
[INFO ] 2021-06-23 00:57:21.515 [main] CommonFunction - getting url
[INFO ] 2021-06-23 00:57:25.127 [main] CommonFunction - 6th Standard Science function running
[INFO ] 2021-06-23 00:57:33.168 [main] CommonFunction - BookBack Question Clicked
[INFO ] 2021-06-23 00:57:33.727 [main] CommonFunction - 6th Standard Science Clicked
[INFO ] 2021-06-23 00:57:33.891 [main] CommonFunction - Subscription Popup Closed
[INFO ] 2021-06-23 00:57:33.892 [main] CommonFunction - 6th Standard Science function Finished
[INFO ] 2021-06-23 00:57:33.901 [main] CommonFunction - 6th Standard SocialScience function running
[INFO ] 2021-06-23 00:57:34.091 [main] CommonFunction - 6th Standard SocialScience Clicked
[INFO ] 2021-06-23 00:57:34.145 [main] CommonFunction - Subscription Popup Closed
[INFO ] 2021-06-23 00:57:34.146 [main] CommonFunction - 6th Standard SocialScience function finished
[INFO ] 2021-06-23 00:57:34.148 [main] CommonFunction - 7th Standard Science function running
[INFO ] 2021-06-23 00:57:34.374 [main] CommonFunction - 7th_Standard science clicked
[INFO ] 2021-06-23 00:57:34.449 [main] CommonFunction - Subscription Popup Closed
[INFO ] 2021-06-23 00:57:34.449 [main] CommonFunction - 7th Standard Science function Finished
[INFO ] 2021-06-23 00:57:34.471 [main] CommonFunction - 7th Standard SocialScience function running
[INFO ] 2021-06-23 00:57:34.641 [main] CommonFunction - 7th Standard SocialScience Clicked
[INFO ] 2021-06-23 00:57:34.690 [main] CommonFunction - Subscription Popup Closed
[INFO ] 2021-06-23 00:57:34.690 [main] CommonFunction - 7th Standard SocialScience function finished
[INFO ] 2021-06-23 00:57:34.693 [main] CommonFunction - 8th Standard Science function running
[INFO ] 2021-06-23 00:57:34.888 [main] CommonFunction - 8th_Standard science clicked
[INFO ] 2021-06-23 00:57:34.965 [main] CommonFunction - Subscription Popup Closed
[INFO ] 2021-06-23 00:57:34.965 [main] CommonFunction - 8th Standard Science function finished
[INFO ] 2021-06-23 00:57:34.968 [main] CommonFunction - 8th Standard SocialScience function running
[INFO ] 2021-06-23 00:57:35.146 [main] CommonFunction - 8th Standard SocialScience clicked
[INFO ] 2021-06-23 00:57:35.194 [main] CommonFunction - Subscription Popup Closed
[INFO ] 2021-06-23 00:57:35.194 [main] CommonFunction - 8th Standard SocialScience function finished
[INFO ] 2021-06-23 00:57:35.198 [main] CommonFunction - 9th Standard Science function running
[INFO ] 2021-06-23 00:57:35.335 [main] CommonFunction - 9th_Standard science clicked
[INFO ] 2021-06-23 00:57:35.391 [main] CommonFunction - Subscription Popup Closed
[INFO ] 2021-06-23 00:57:35.391 [main] CommonFunction - 9th Standard Science function finished
[INFO ] 2021-06-23 00:57:35.395 [main] CommonFunction - 9th Standard SocialScience function running
[INFO ] 2021-06-23 00:57:35.875 [main] CommonFunction - 9th Standard SocialScience clicked
[INFO ] 2021-06-23 00:57:36.096 [main] CommonFunction - Subscription Popup Closed
[INFO ] 2021-06-23 00:57:36.097 [main] CommonFunction - 9th Standard SocialScience function finished
[INFO ] 2021-06-23 00:57:36.100 [main] CommonFunction - 10th Standard Science function running
[INFO ] 2021-06-23 00:57:36.391 [main] CommonFunction - 10th Standard Science Clicked
[INFO ] 2021-06-23 00:57:36.536 [main] CommonFunction - Subscription Popup Closed
[INFO ] 2021-06-23 00:57:36.537 [main] CommonFunction - 10th Standard Science function finished
[INFO ] 2021-06-23 00:57:36.540 [main] CommonFunction - 10th Standard SocialScience function running
[INFO ] 2021-06-23 00:57:36.689 [main] CommonFunction - 10th Standard SocialScience clicked
[INFO ] 2021-06-23 00:57:36.766 [main] CommonFunction - Subscription Popup Closed
[INFO ] 2021-06-23 00:57:36.766 [main] CommonFunction - 10th Standard SocialScience function finished
[INFO ] 2021-06-23 00:57:38.628 [main] CommonFunction - Browser closed
[INFO ] 2021-06-23 10:22:58.584 [main] CommonFunction - Property file Loaded
[INFO ] 2021-06-23 10:23:08.801 [main] CommonFunction - Browser Opened
[INFO ] 2021-06-23 10:23:27.149 [main] CommonFunction - getting url
[INFO ] 2021-06-23 10:23:33.535 [main] CommonFunction - November2020 Material function running
[INFO ] 2021-06-23 10:23:42.531 [main] CommonFunction - Current Affair clicked
[INFO ] 2021-06-23 10:23:42.958 [main] CommonFunction - November2020 Material clicked
[INFO ] 2021-06-23 10:23:43.097 [main] CommonFunction - Subscription Popup Closed
[INFO ] 2021-06-23 10:23:43.097 [main] CommonFunction - November2020 Material function finished
[INFO ] 2021-06-23 10:23:45.463 [main] CommonFunction - Browser closed
[INFO ] 2021-06-23 10:40:07.774 [main] CommonFunction - Property file Loaded
[INFO ] 2021-06-23 10:40:15.972 [main] CommonFunction - Browser Opened
[INFO ] 2021-06-23 10:40:33.517 [main] CommonFunction - getting url
[INFO ] 2021-06-23 10:40:41.141 [main] CommonFunction - November2020 Material function running
[INFO ] 2021-06-23 10:40:51.128 [main] CommonFunction - Current Affair clicked
[INFO ] 2021-06-23 10:40:51.823 [main] CommonFunction - November2020 Material clicked
[INFO ] 2021-06-23 10:40:52.022 [main] CommonFunction - Subscription Popup Closed
[INFO ] 2021-06-23 10:40:52.022 [main] CommonFunction - November2020 Material function finished
[INFO ] 2021-06-23 10:40:52.030 [main] CommonFunction - November2020 PracticeQuestion function running
[INFO ] 2021-06-23 10:40:53.694 [main] CommonFunction - December2020 Material function running
[INFO ] 2021-06-23 10:40:55.468 [main] CommonFunction - December2020 PracticeQuestion function running
[INFO ] 2021-06-23 10:40:56.931 [main] CommonFunction - January2021 Material function running
[INFO ] 2021-06-23 10:40:58.439 [main] CommonFunction - January2021 PracticeQuestion function running
[INFO ] 2021-06-23 10:41:02.073 [main] CommonFunction - Browser closed
[INFO ] 2021-06-23 10:46:32.332 [main] CommonFunction - Property file Loaded
[INFO ] 2021-06-23 10:46:39.687 [main] CommonFunction - Browser Opened
[INFO ] 2021-06-23 10:46:55.349 [main] CommonFunction - getting url
[INFO ] 2021-06-23 10:46:58.905 [main] CommonFunction - November2020 Material function running
[INFO ] 2021-06-23 10:47:11.111 [main] CommonFunction - Current Affair clicked
[INFO ] 2021-06-23 10:47:11.786 [main] CommonFunction - November2020 Material clicked
[INFO ] 2021-06-23 10:47:12.042 [main] CommonFunction - Subscription Popup Closed
[INFO ] 2021-06-23 10:47:12.042 [main] CommonFunction - November2020 Material function finished
[INFO ] 2021-06-23 10:47:12.042 [main] CommonFunction - November2020 PracticeQuestion function running
[INFO ] 2021-06-23 10:47:12.386 [main] CommonFunction - November2020 PracticeQuestion clicked
[INFO ] 2021-06-23 10:47:12.563 [main] CommonFunction - Subscription Popup Closed
[INFO ] 2021-06-23 10:47:12.563 [main] CommonFunction - November2020 PracticeQuestion function finished
[INFO ] 2021-06-23 10:47:12.571 [main] CommonFunction - December2020 Material function running
[INFO ] 2021-06-23 10:47:12.906 [main] CommonFunction - December2020 Material clicked
[INFO ] 2021-06-23 10:47:13.146 [main] CommonFunction - Subscription Popup Closed
[INFO ] 2021-06-23 10:47:13.146 [main] CommonFunction - December2020 Material function finished
[INFO ] 2021-06-23 10:47:13.154 [main] CommonFunction - December2020 PracticeQuestion function running
[INFO ] 2021-06-23 10:47:13.370 [main] CommonFunction - December2020 PracticeQuestion clicked
[INFO ] 2021-06-23 10:47:13.578 [main] CommonFunction - Subscription Popup Closed
[INFO ] 2021-06-23 10:47:13.578 [main] CommonFunction - December2020 PracticeQuestion function finished
[INFO ] 2021-06-23 10:47:13.578 [main] CommonFunction - January2021 Material function running
[INFO ] 2021-06-23 10:47:13.861 [main] CommonFunction - January2021 Material clicked
[INFO ] 2021-06-23 10:47:14.013 [main] CommonFunction - Subscription Popup Closed
[INFO ] 2021-06-23 10:47:14.013 [main] CommonFunction - January2021 Material function finished
[INFO ] 2021-06-23 10:47:14.021 [main] CommonFunction - January2021 PracticeQuestion function running
[INFO ] 2021-06-23 10:47:14.261 [main] CommonFunction - January2021 PracticeQuestion clicked
[INFO ] 2021-06-23 10:47:14.437 [main] CommonFunction - Subscription Popup Closed
[INFO ] 2021-06-23 10:47:14.437 [main] CommonFunction - January2021 PracticeQuestion function finished
[INFO ] 2021-06-23 10:47:16.446 [main] CommonFunction - Browser closed
[INFO ] 2021-06-23 11:17:19.162 [main] CommonFunction - Property file Loaded
[INFO ] 2021-06-23 11:17:26.402 [main] CommonFunction - Browser Opened
[INFO ] 2021-06-23 11:17:45.129 [main] CommonFunction - getting url
[INFO ] 2021-06-23 11:17:48.846 [main] CommonFunction - Question_1_2016 function running
[INFO ] 2021-06-23 11:18:00.976 [main] CommonFunction - Previous Year QuestionPapers clicked
[INFO ] 2021-06-23 11:18:01.522 [main] CommonFunction - Question_1_2016 question1 clicked
[INFO ] 2021-06-23 11:18:01.738 [main] CommonFunction - Subscription Popup Closed
[INFO ] 2021-06-23 11:18:01.738 [main] CommonFunction - Question_1_2016 function finished
[INFO ] 2021-06-23 11:18:01.754 [main] CommonFunction - Question_11_2016 function running
[INFO ] 2021-06-23 11:18:01.906 [main] CommonFunction - Question_11_2016 question11 clicked
[INFO ] 2021-06-23 11:18:02.017 [main] CommonFunction - Subscription Popup Closed
[INFO ] 2021-06-23 11:18:02.017 [main] CommonFunction - Question_11_2016 function finished
[INFO ] 2021-06-23 11:18:02.017 [main] CommonFunction - Question_1_2018 function running
[INFO ] 2021-06-23 11:18:02.271 [main] CommonFunction - Question_1_2018 question1 clicked
[INFO ] 2021-06-23 11:18:02.535 [main] CommonFunction - Subscription Popup Closed
[INFO ] 2021-06-23 11:18:02.535 [main] CommonFunction - Question_1_2018 function finished
[INFO ] 2021-06-23 11:18:02.535 [main] CommonFunction - Question_11_2018 function running
[INFO ] 2021-06-23 11:18:02.687 [main] CommonFunction - Question_11_2018 question11 clicked
[INFO ] 2021-06-23 11:18:02.895 [main] CommonFunction - Subscription Popup Closed
[INFO ] 2021-06-23 11:18:02.895 [main] CommonFunction - Question_11_2018 function finished
[INFO ] 2021-06-23 11:18:02.903 [main] CommonFunction - Question_1_2019 function running
[INFO ] 2021-06-23 11:18:03.135 [main] CommonFunction - Question_1_2019 question1 clicked
[INFO ] 2021-06-23 11:18:03.193 [main] CommonFunction - Subscription Popup Closed
[INFO ] 2021-06-23 11:18:03.193 [main] CommonFunction - Question_1_2019 function finished
[INFO ] 2021-06-23 11:18:03.193 [main] CommonFunction - Question_11_2019 function running
[INFO ] 2021-06-23 11:18:03.393 [main] CommonFunction - Question_11_2019 question11 clicked
[INFO ] 2021-06-23 11:18:03.673 [main] CommonFunction - Subscription Popup Closed
[INFO ] 2021-06-23 11:18:03.673 [main] CommonFunction - Question_11_2019 function finished
[INFO ] 2021-06-23 11:18:05.437 [main] CommonFunction - Browser closed
[INFO ] 2021-06-23 11:38:11.131 [main] CommonFunction - Property file Loaded
[INFO ] 2021-06-23 11:38:18.277 [main] CommonFunction - Browser Opened
[INFO ] 2021-06-23 11:38:45.636 [main] CommonFunction - getting url
[INFO ] 2021-06-23 11:38:49.638 [main] CommonFunction - Questions_1 function running
[INFO ] 2021-06-23 11:38:58.244 [main] CommonFunction - VidhvaaModel Question clicked
[INFO ] 2021-06-23 11:38:58.973 [main] CommonFunction - Questions_1 clicked
[INFO ] 2021-06-23 11:38:59.240 [main] CommonFunction - Subscription Popup Closed
[INFO ] 2021-06-23 11:38:59.240 [main] CommonFunction - Questions_1 function finished
[INFO ] 2021-06-23 11:38:59.248 [main] CommonFunction - Questions_2 function running
[INFO ] 2021-06-23 11:38:59.534 [main] CommonFunction - Questions_2 clicked
[INFO ] 2021-06-23 11:38:59.686 [main] CommonFunction - Subscription Popup Closed
[INFO ] 2021-06-23 11:38:59.687 [main] CommonFunction - Questions_2 function finished
[INFO ] 2021-06-23 11:38:59.690 [main] CommonFunction - Questions_3 function running
[INFO ] 2021-06-23 11:38:59.887 [main] CommonFunction - Questions_3 clicked
[INFO ] 2021-06-23 11:39:00.086 [main] CommonFunction - Subscription Popup Closed
[INFO ] 2021-06-23 11:39:00.086 [main] CommonFunction - Questions_3 function finished
[INFO ] 2021-06-23 11:39:00.090 [main] CommonFunction - Questions_4 function running
[INFO ] 2021-06-23 11:39:00.357 [main] CommonFunction - Questions_4 clicked
[INFO ] 2021-06-23 11:39:00.405 [main] CommonFunction - Subscription Popup Closed
[INFO ] 2021-06-23 11:39:00.406 [main] CommonFunction - Questions_4 function finished
[INFO ] 2021-06-23 11:39:00.408 [main] CommonFunction - Questions_5 function running
[INFO ] 2021-06-23 11:39:00.592 [main] CommonFunction - Questions_5 clicked
[INFO ] 2021-06-23 11:39:00.639 [main] CommonFunction - Subscription Popup Closed
[INFO ] 2021-06-23 11:39:00.640 [main] CommonFunction - Questions_5 function finished
[INFO ] 2021-06-23 11:39:02.239 [main] CommonFunction - Browser closed
[INFO ] 2021-06-23 12:21:52.904 [main] CommonFunction - Property file Loaded
[INFO ] 2021-06-23 12:21:57.317 [main] CommonFunction - Browser Opened
[INFO ] 2021-06-23 12:22:43.754 [main] CommonFunction - getting url
[INFO ] 2021-06-23 12:22:47.314 [main] CommonFunction - Figures of Speech function running
[INFO ] 2021-06-23 12:22:53.553 [main] CommonFunction - LanguageMaterial clicked
[INFO ] 2021-06-23 12:22:56.345 [main] CommonFunction - Part B Clicked
[INFO ] 2021-06-23 12:22:56.491 [main] CommonFunction - Figures of Speech clicked
[INFO ] 2021-06-23 12:22:57.502 [main] CommonFunction - sample material clicked
[INFO ] 2021-06-23 12:22:57.504 [main] CommonFunction - Figures of Speech function finished
[INFO ] 2021-06-23 12:22:58.399 [main] CommonFunction - Appreciations questions from poetry function running
[INFO ] 2021-06-23 12:22:58.697 [main] CommonFunction - Appreciations questions from poetry  clicked
[INFO ] 2021-06-23 12:22:59.299 [main] CommonFunction - Sample Material clicked
[INFO ] 2021-06-23 12:22:59.300 [main] CommonFunction - Appreciations questions from poetry function finished
[INFO ] 2021-06-23 12:23:00.567 [main] CommonFunction - Important lines from Poems function running
[INFO ] 2021-06-23 12:23:00.850 [main] CommonFunction - Important lines from Poems clicked
[INFO ] 2021-06-23 12:23:02.280 [main] CommonFunction - sample material clicked
[INFO ] 2021-06-23 12:23:02.283 [main] CommonFunction - Important lines from Poems function finished
[INFO ] 2021-06-23 12:23:02.763 [main] CommonFunction - Questionon the Biography function running
[INFO ] 2021-06-23 12:23:02.978 [main] CommonFunction - Questionon the Biography clicked
[INFO ] 2021-06-23 12:23:03.578 [main] CommonFunction - sample material clicked
[INFO ] 2021-06-23 12:23:03.578 [main] CommonFunction - Questionon the Biography function finished
[INFO ] 2021-06-23 12:23:03.952 [main] CommonFunction - Questions on Shakespeare function running
[INFO ] 2021-06-23 12:23:04.126 [main] CommonFunction - Questions on Shakespeare clicked
[INFO ] 2021-06-23 12:23:04.629 [main] CommonFunction - sample material clicked
[INFO ] 2021-06-23 12:23:04.629 [main] CommonFunction - Questions on Shakespeare function finished
[INFO ] 2021-06-23 12:23:05.177 [main] CommonFunction - Question from Oscars Wildes function running
[INFO ] 2021-06-23 12:23:05.348 [main] CommonFunction - Question from Oscars Wildes clicked
[INFO ] 2021-06-23 12:23:06.021 [main] CommonFunction - sample material clicked
[INFO ] 2021-06-23 12:23:06.021 [main] CommonFunction - Question from Oscars Wildes function finished
[INFO ] 2021-06-23 12:23:06.381 [main] CommonFunction - Dr.KarlPaulnack's function running
[INFO ] 2021-06-23 12:23:06.623 [main] CommonFunction - Dr.KarlPaulnack's clicked
[INFO ] 2021-06-23 12:23:07.235 [main] CommonFunction - sample material clicked
[INFO ] 2021-06-23 12:23:07.240 [main] CommonFunction - Dr.KarlPaulnack's function finished
[INFO ] 2021-06-23 12:23:07.614 [main] CommonFunction - Comprehension Questions From Motivational Essays function running
[INFO ] 2021-06-23 12:23:07.834 [main] CommonFunction - Comprehension Questions From Motivational Essays clicked
[INFO ] 2021-06-23 12:23:08.381 [main] CommonFunction - sample material clicked
[INFO ] 2021-06-23 12:23:08.381 [main] CommonFunction - Comprehension Questions From Motivational Essays function finished
[INFO ] 2021-06-23 12:23:08.715 [main] CommonFunction - Comprehension questions from the description of places function running
[INFO ] 2021-06-23 12:23:08.887 [main] CommonFunction - Comprehension questions from the description of places clicked
[INFO ] 2021-06-23 12:23:09.445 [main] CommonFunction - sample material clicked
[INFO ] 2021-06-23 12:23:09.446 [main] CommonFunction - Comprehension questions from the description of places function finished
[INFO ] 2021-06-23 12:23:09.869 [main] CommonFunction - British English and American English function running
[INFO ] 2021-06-23 12:23:10.060 [main] CommonFunction - British English and American English clicked
[INFO ] 2021-06-23 12:23:10.675 [main] CommonFunction - sample material clicked
[INFO ] 2021-06-23 12:23:10.675 [main] CommonFunction - British English and American English function finished
[INFO ] 2021-06-23 12:23:21.325 [main] CommonFunction - PracticeQuestion function running
[INFO ] 2021-06-23 12:23:21.795 [main] CommonFunction - LanguageMaterial clicked
[INFO ] 2021-06-23 12:23:22.267 [main] CommonFunction - PracticeQuestion clicked
[INFO ] 2021-06-23 12:23:22.327 [main] CommonFunction - Popup closed
[INFO ] 2021-06-23 12:23:22.328 [main] CommonFunction - PracticeQuestion function finished
[INFO ] 2021-06-23 12:23:23.913 [main] CommonFunction - Browser closed
[INFO ] 2021-06-23 12:29:21.904 [main] CommonFunction - Property file Loaded
[INFO ] 2021-06-23 12:29:26.366 [main] CommonFunction - Browser Opened
[INFO ] 2021-06-23 12:29:36.544 [main] CommonFunction - getting url
[INFO ] 2021-06-23 12:29:40.593 [main] CommonFunction - Figures of Speech function running
[INFO ] 2021-06-23 12:29:47.459 [main] CommonFunction - LanguageMaterial clicked
[INFO ] 2021-06-23 12:29:50.051 [main] CommonFunction - Part B Clicked
[INFO ] 2021-06-23 12:29:50.225 [main] CommonFunction - Figures of Speech clicked
[INFO ] 2021-06-23 12:29:51.138 [main] CommonFunction - sample material clicked
[INFO ] 2021-06-23 12:29:51.340 [main] CommonFunction - File Downloaded
[INFO ] 2021-06-23 12:29:51.340 [main] CommonFunction - Figures of Speech function finished
[INFO ] 2021-06-23 12:29:54.009 [main] CommonFunction - Browser closed
[INFO ] 2021-06-23 12:57:37.122 [main] CommonFunction - Property file Loaded
[INFO ] 2021-06-23 12:57:44.826 [main] CommonFunction - Browser Opened
[INFO ] 2021-06-23 12:58:18.026 [main] CommonFunction - getting url
[INFO ] 2021-06-23 12:58:22.916 [main] CommonFunction - Figures of Speech function running
[INFO ] 2021-06-23 12:58:29.927 [main] CommonFunction - LanguageMaterial clicked
[INFO ] 2021-06-23 12:58:31.502 [main] CommonFunction - Part B Clicked
[INFO ] 2021-06-23 12:58:31.642 [main] CommonFunction - Figures of Speech clicked
[INFO ] 2021-06-23 12:58:33.189 [main] CommonFunction - sample material clicked
[INFO ] 2021-06-23 12:58:33.392 [main] CommonFunction - File Downloaded
[INFO ] 2021-06-23 12:58:36.393 [main] CommonFunction - Figures of Speech function finished
[INFO ] 2021-06-23 12:58:42.027 [main] CommonFunction - Browser closed
[INFO ] 2021-06-23 13:39:29.682 [main] CommonFunction - Property file Loaded
[INFO ] 2021-06-23 13:39:34.585 [main] CommonFunction - Browser Opened
[INFO ] 2021-06-23 13:40:07.867 [main] CommonFunction - getting url
[INFO ] 2021-06-23 13:40:08.204 [main] CommonFunction - LoginFunction Started
[INFO ] 2021-06-23 13:40:11.685 [main] CommonFunction - LoginFunction Closed
[INFO ] 2021-06-23 13:40:11.685 [main] CommonFunction - Preposition function running
[INFO ] 2021-06-23 13:40:18.236 [main] CommonFunction - LanguageMaterial clicked
[INFO ] 2021-06-23 13:40:20.674 [main] CommonFunction - Part A clicked
[INFO ] 2021-06-23 13:40:20.838 [main] CommonFunction - Preposition clicked
[INFO ] 2021-06-23 13:40:21.621 [main] CommonFunction - Sample Material clicked
[INFO ] 2021-06-23 13:40:21.789 [main] CommonFunction - download clicked
[INFO ] 2021-06-23 13:40:21.789 [main] CommonFunction - Preposition function finished
[INFO ] 2021-06-23 13:40:22.342 [main] CommonFunction - Idioms, Phrases and their meanings function running
[INFO ] 2021-06-23 13:40:22.897 [main] CommonFunction - Idioms, Phrases and their meanings clicked
[INFO ] 2021-06-23 13:40:24.177 [main] CommonFunction - Sample Material clicked
[INFO ] 2021-06-23 13:40:24.177 [main] CommonFunction - Idioms, Phrases and their meanings function finished
[INFO ] 2021-06-23 13:40:25.172 [main] CommonFunction - Synonyms function running
[INFO ] 2021-06-23 13:40:25.471 [main] CommonFunction - Synonyms clicked
[INFO ] 2021-06-23 13:40:26.415 [main] CommonFunction - Sample Material clicked
[INFO ] 2021-06-23 13:40:26.415 [main] CommonFunction - Synonyms function running
[INFO ] 2021-06-23 13:40:27.095 [main] CommonFunction - Antonyms function running
[INFO ] 2021-06-23 13:40:27.359 [main] CommonFunction - Antonyms clicked
[INFO ] 2021-06-23 13:40:29.478 [main] CommonFunction - Sample Material clicked
[INFO ] 2021-06-23 13:40:29.478 [main] CommonFunction - Antonyms function finished
[INFO ] 2021-06-23 13:40:29.879 [main] CommonFunction - Prefix and Suffix function running
[INFO ] 2021-06-23 13:40:30.095 [main] CommonFunction - Prefix and Suffix clicked
[INFO ] 2021-06-23 13:40:31.015 [main] CommonFunction - Sample Material clicked
[INFO ] 2021-06-23 13:40:31.015 [main] CommonFunction - Prefix and Suffix function finished
[INFO ] 2021-06-23 13:40:31.500 [main] CommonFunction - Articles function running
[INFO ] 2021-06-23 13:40:31.676 [main] CommonFunction - Articles clicked
[INFO ] 2021-06-23 13:40:32.369 [main] CommonFunction - Sample Material clicked
[INFO ] 2021-06-23 13:40:32.369 [main] CommonFunction - Articles function finished
[INFO ] 2021-06-23 13:40:32.747 [main] CommonFunction - Question Tag running
[INFO ] 2021-06-23 13:40:32.939 [main] CommonFunction - Question Tag clicked
[INFO ] 2021-06-23 13:40:33.739 [main] CommonFunction - Sample Material clicked
[INFO ] 2021-06-23 13:40:33.739 [main] CommonFunction - Preposition function finished
[INFO ] 2021-06-23 13:40:34.121 [main] CommonFunction - Tenses function running
[INFO ] 2021-06-23 13:40:34.353 [main] CommonFunction - Tenses clicked
[INFO ] 2021-06-23 13:40:36.049 [main] CommonFunction - Sample Material clicked
[INFO ] 2021-06-23 13:40:36.049 [main] CommonFunction - Tenses function running
[INFO ] 2021-06-23 13:40:37.008 [main] CommonFunction - Activevoice and Passivevoice function running
[INFO ] 2021-06-23 13:40:37.192 [main] CommonFunction - Activevoice and Passivevoice clicked
[INFO ] 2021-06-23 13:40:37.831 [main] CommonFunction - Sample Material clicked
[INFO ] 2021-06-23 13:40:37.831 [main] CommonFunction - Activevoice and Passivevoice function finished
[INFO ] 2021-06-23 13:40:38.359 [main] CommonFunction - Infinitive, Gerund, Participle function running
[INFO ] 2021-06-23 13:40:38.573 [main] CommonFunction - Infinitive, Gerund, Participle clicked
[INFO ] 2021-06-23 13:40:41.019 [main] CommonFunction - Sample Material clicked
[INFO ] 2021-06-23 13:40:41.019 [main] CommonFunction - Infinitive, Gerund, Participle function finished
[INFO ] 2021-06-23 13:40:41.632 [main] CommonFunction - Sentence Pattern function running
[INFO ] 2021-06-23 13:40:41.824 [main] CommonFunction - Sentence Pattern clicked
[INFO ] 2021-06-23 13:40:43.069 [main] CommonFunction - Sample Material clicked
[INFO ] 2021-06-23 13:40:43.069 [main] CommonFunction - Sentence Pattern function finished
[INFO ] 2021-06-23 13:40:43.929 [main] CommonFunction - Find Out the Error function running
[INFO ] 2021-06-23 13:40:44.121 [main] CommonFunction - Find Out the Error clicked
[INFO ] 2021-06-23 13:40:45.124 [main] CommonFunction - Sample Material clicked
[INFO ] 2021-06-23 13:40:45.124 [main] CommonFunction - Find Out the Error function finished
[INFO ] 2021-06-23 13:40:45.738 [main] CommonFunction - Comprehension function running
[INFO ] 2021-06-23 13:40:45.946 [main] CommonFunction - Comprehension clicked
[INFO ] 2021-06-23 13:40:46.848 [main] CommonFunction - Sample Material clicked
[INFO ] 2021-06-23 13:40:46.856 [main] CommonFunction - Comprehension function finished
[INFO ] 2021-06-23 13:40:47.426 [main] CommonFunction - Select the correct sentence function running
[INFO ] 2021-06-23 13:40:47.626 [main] CommonFunction - Select the correct sentence clicked
[INFO ] 2021-06-23 13:40:49.202 [main] CommonFunction - Sample Material clicked
[INFO ] 2021-06-23 13:40:49.202 [main] CommonFunction - Select the correct sentence function finished
[INFO ] 2021-06-23 13:40:49.791 [main] CommonFunction - Find the odd words function running
[INFO ] 2021-06-23 13:40:49.999 [main] CommonFunction - Find the odd words clicked
[INFO ] 2021-06-23 13:40:50.607 [main] CommonFunction - Sample Material clicked
[INFO ] 2021-06-23 13:40:50.607 [main] CommonFunction - Find the odd words function finished
[INFO ] 2021-06-23 13:40:51.071 [main] CommonFunction - Select the correct Plural forms function running
[INFO ] 2021-06-23 13:40:51.279 [main] CommonFunction - Select the correct Plural forms clicked
[INFO ] 2021-06-23 13:40:53.265 [main] CommonFunction - Sample Material clicked
[INFO ] 2021-06-23 13:40:53.265 [main] CommonFunction - Select the correct Plural forms function finished
[INFO ] 2021-06-23 13:40:53.660 [main] CommonFunction - Identify the sentence function running
[INFO ] 2021-06-23 13:40:53.844 [main] CommonFunction - Identify the sentence clicked
[INFO ] 2021-06-23 13:40:54.428 [main] CommonFunction - Sample Material clicked
[INFO ] 2021-06-23 13:40:54.428 [main] CommonFunction - Identify the sentence function finished
[INFO ] 2021-06-23 13:40:54.820 [main] CommonFunction - Degrees of comparison function running
[INFO ] 2021-06-23 13:40:55.012 [main] CommonFunction - Degrees of comparison clicked
[INFO ] 2021-06-23 13:40:55.556 [main] CommonFunction - Sample Material clicked
[INFO ] 2021-06-23 13:40:55.556 [main] CommonFunction - Degrees of comparison function finished
[INFO ] 2021-06-23 13:40:55.978 [main] CommonFunction - Form new words by blending the words function running
[INFO ] 2021-06-23 13:40:56.210 [main] CommonFunction - Form new words by blending the words clicked
[INFO ] 2021-06-23 13:40:57.036 [main] CommonFunction - Sample Material clicked
[INFO ] 2021-06-23 13:40:57.036 [main] CommonFunction - Form new words by blending the words function finished
[INFO ] 2021-06-23 13:40:57.433 [main] CommonFunction - Form Compound Words function running
[INFO ] 2021-06-23 13:40:57.585 [main] CommonFunction - Form Compound Words clicked
[INFO ] 2021-06-23 13:40:58.869 [main] CommonFunction - Sample Material clicked
[INFO ] 2021-06-23 13:40:58.869 [main] CommonFunction - Form Compound Words function finished
[INFO ] 2021-06-23 13:41:00.832 [main] CommonFunction - Browser closed
[INFO ] 2021-06-23 23:19:02.929 [main] CommonFunction - Property file Loaded
[INFO ] 2021-06-23 23:19:11.527 [main] CommonFunction - Browser Opened
[INFO ] 2021-06-23 23:19:27.865 [main] CommonFunction - getting url
[INFO ] 2021-06-23 23:19:28.588 [main] CommonFunction - LoginFunction Started
[INFO ] 2021-06-23 23:19:34.015 [main] CommonFunction - LoginFunction Closed
[INFO ] 2021-06-23 23:19:34.015 [main] CommonFunction - Match the Poems with the Poets function running
[INFO ] 2021-06-23 23:19:43.762 [main] CommonFunction - Language Material clicked
[INFO ] 2021-06-23 23:19:45.903 [main] CommonFunction - Part C clicked
[INFO ] 2021-06-23 23:19:46.090 [main] CommonFunction - Match the Poems with the Poets  clicked
[INFO ] 2021-06-23 23:19:46.891 [main] CommonFunction - Sample Material clicked
[INFO ] 2021-06-23 23:19:46.896 [main] CommonFunction - Match the Poems with the Poets function finished
[INFO ] 2021-06-23 23:19:47.332 [main] CommonFunction - Which Nationality the story belongs to? function running
[INFO ] 2021-06-23 23:19:47.499 [main] CommonFunction - Which Nationality the story belongs to? clicked
[INFO ] 2021-06-23 23:19:48.086 [main] CommonFunction - Sample Material clicked
[INFO ] 2021-06-23 23:19:48.087 [main] CommonFunction - Which Nationality the story belongs to? function finished
[INFO ] 2021-06-23 23:19:48.761 [main] CommonFunction - Identify the Author with the short story function running
[INFO ] 2021-06-23 23:19:48.958 [main] CommonFunction - Identify the Author with the short story clicked
[INFO ] 2021-06-23 23:19:50.502 [main] CommonFunction - Sample Material clicked
[INFO ] 2021-06-23 23:19:50.502 [main] CommonFunction - Identify the Author with the short story function finished
[INFO ] 2021-06-23 23:19:51.011 [main] CommonFunction - Whose Auto biography and Biography is this? function running
[INFO ] 2021-06-23 23:19:51.189 [main] CommonFunction - Whose Auto biography and Biography is this? clicked
[INFO ] 2021-06-23 23:19:51.672 [main] CommonFunction - Sample Material clicked
[INFO ] 2021-06-23 23:19:51.677 [main] CommonFunction - Whose Auto biography and Biography is this? function finished
[INFO ] 2021-06-23 23:19:52.013 [main] CommonFunction - Which nationality the poet belongs to? function running
[INFO ] 2021-06-23 23:19:52.232 [main] CommonFunction - Which nationality the poet belongs to? clicked
[INFO ] 2021-06-23 23:19:52.737 [main] CommonFunction - Sample Material clicked
[INFO ] 2021-06-23 23:19:52.738 [main] CommonFunction - Which nationality the poet belongs to? function finished
[INFO ] 2021-06-23 23:19:53.387 [main] CommonFunction - Character, Quotes and Important Lines function running
[INFO ] 2021-06-23 23:19:53.596 [main] CommonFunction - Character, Quotes and Important Lines clicked
[INFO ] 2021-06-23 23:19:55.197 [main] CommonFunction - Sample Material clicked
[INFO ] 2021-06-23 23:19:55.198 [main] CommonFunction - Character, Quotes and Important Lines function finished
[INFO ] 2021-06-23 23:19:55.596 [main] CommonFunction - Drama Famous Lines, Characters, Quotes function running
[INFO ] 2021-06-23 23:19:55.903 [main] CommonFunction - Drama Famous Lines, Characters, Quotes clicked
[INFO ] 2021-06-23 23:19:57.342 [main] CommonFunction - Sample Material clicked
[INFO ] 2021-06-23 23:19:57.343 [main] CommonFunction - Drama Famous Lines, Characters, Quotes function finished
[INFO ] 2021-06-23 23:19:57.735 [main] CommonFunction - Match the places, poet, dramatist painter with suitable option function running
[INFO ] 2021-06-23 23:19:57.972 [main] CommonFunction - Match the places, poet, dramatist painter with suitable option clicked
[INFO ] 2021-06-23 23:19:59.258 [main] CommonFunction - Sample Material clicked
[INFO ] 2021-06-23 23:19:59.259 [main] CommonFunction - Match the places, poet, dramatist painter with suitable option function finished
[INFO ] 2021-06-23 23:20:00.112 [main] CommonFunction - Folk Arts function running
[INFO ] 2021-06-23 23:20:00.302 [main] CommonFunction - Folk Arts clicked
[INFO ] 2021-06-23 23:20:01.444 [main] CommonFunction - Sample Material clicked
[INFO ] 2021-06-23 23:20:01.444 [main] CommonFunction - Folk Arts function finished
[INFO ] 2021-06-23 23:20:01.918 [main] CommonFunction - Match the author relevant title character function running
[INFO ] 2021-06-23 23:20:02.169 [main] CommonFunction - Match the author relevant title character clicked
[INFO ] 2021-06-23 23:20:03.463 [main] CommonFunction - Sample Material clicked
[INFO ] 2021-06-23 23:20:03.463 [main] CommonFunction - Match the author relevant title character function finished
[INFO ] 2021-06-23 23:20:04.251 [main] CommonFunction - Match the characters with relevant story title function running
[INFO ] 2021-06-23 23:20:04.409 [main] CommonFunction - Match the characters with relevant story title clicked
[INFO ] 2021-06-23 23:20:05.510 [main] CommonFunction - Sample Material clicked
[INFO ] 2021-06-23 23:20:05.510 [main] CommonFunction - Match the characters with relevant story title function finished
[INFO ] 2021-06-23 23:20:05.904 [main] CommonFunction - About the poet function running
[INFO ] 2021-06-23 23:20:06.104 [main] CommonFunction - About the poet clicked
[INFO ] 2021-06-23 23:20:07.396 [main] CommonFunction - Sample Material clicked
[INFO ] 2021-06-23 23:20:07.397 [main] CommonFunction - About the poet function finished
[INFO ] 2021-06-23 23:20:07.852 [main] CommonFunction - About the dramatist function running
[INFO ] 2021-06-23 23:20:08.065 [main] CommonFunction - About the dramatist clicked
[INFO ] 2021-06-23 23:20:09.242 [main] CommonFunction - Sample Material clicked
[INFO ] 2021-06-23 23:20:09.242 [main] CommonFunction - About the dramatist function finished
[INFO ] 2021-06-23 23:20:09.618 [main] CommonFunction - Mention the poem in which these lines occur function running
[INFO ] 2021-06-23 23:20:09.869 [main] CommonFunction - Mention the poem in which these lines occur clicked
[INFO ] 2021-06-23 23:20:11.934 [main] CommonFunction - Sample Material clicked
[INFO ] 2021-06-23 23:20:11.935 [main] CommonFunction - Mention the poem in which these lines occur function finished
[INFO ] 2021-06-23 23:20:12.388 [main] CommonFunction - Various works of the authors function running
[INFO ] 2021-06-23 23:20:12.667 [main] CommonFunction - Various works of the authors clicked
[INFO ] 2021-06-23 23:20:15.167 [main] CommonFunction - Sample Material clicked
[INFO ] 2021-06-23 23:20:15.167 [main] CommonFunction - Various works of the authors function finished
[INFO ] 2021-06-23 23:20:16.484 [main] CommonFunction - What is the themes observed in the literary works? function running
[INFO ] 2021-06-23 23:20:16.765 [main] CommonFunction - What is the themes observed in the literary works? clicked
[INFO ] 2021-06-23 23:20:18.371 [main] CommonFunction - Sample Material clicked
[INFO ] 2021-06-23 23:20:18.372 [main] CommonFunction - What is the themes observed in the literary works? function finished
[INFO ] 2021-06-23 23:20:18.819 [main] CommonFunction - Famous Quotes - Who said this? function running
[INFO ] 2021-06-23 23:20:19.078 [main] CommonFunction - Famous Quotes - Who said this? clicked
[INFO ] 2021-06-23 23:20:20.401 [main] CommonFunction - Sample Material clicked
[INFO ] 2021-06-23 23:20:20.402 [main] CommonFunction - Famous Quotes - Who said this? function finished
[INFO ] 2021-06-23 23:20:20.993 [main] CommonFunction - To which period the poet belong function running
[INFO ] 2021-06-23 23:20:21.229 [main] CommonFunction - To which period the poet belong clicked
[INFO ] 2021-06-23 23:20:22.575 [main] CommonFunction - Sample Material clicked
[INFO ] 2021-06-23 23:20:22.575 [main] CommonFunction - To which period the poet belong function finished
[INFO ] 2021-06-23 23:20:22.999 [main] CommonFunction - Match poet and the poem function running
[INFO ] 2021-06-23 23:20:23.279 [main] CommonFunction - Match poet and the poem  clicked
[INFO ] 2021-06-23 23:20:25.607 [main] CommonFunction - Sample Material clicked
[INFO ] 2021-06-23 23:20:25.607 [main] CommonFunction - Match poet and the poem function finished
[INFO ] 2021-06-23 23:20:25.976 [main] CommonFunction - Nature Centered Library Works function running
[INFO ] 2021-06-23 23:20:26.263 [main] CommonFunction - Nature Centered Library Works clicked
[INFO ] 2021-06-23 23:20:26.749 [main] CommonFunction - Sample Material clicked
[INFO ] 2021-06-23 23:20:26.749 [main] CommonFunction - Nature Centered Library Works function finished
[INFO ] 2021-06-23 23:20:32.197 [main] CommonFunction - Browser closed
[INFO ] 2021-06-23 23:45:40.130 [main] CommonFunction - Property file Loaded
[INFO ] 2021-06-23 23:45:45.736 [main] CommonFunction - Browser Opened
[INFO ] 2021-06-23 23:46:00.676 [main] CommonFunction - getting url
[INFO ] 2021-06-23 23:46:00.990 [main] CommonFunction - LoginFunction Started
[INFO ] 2021-06-23 23:46:04.763 [main] CommonFunction - LoginFunction Closed
[INFO ] 2021-06-23 23:46:04.764 [main] CommonFunction - Nature of Indian Economy function running
[INFO ] 2021-06-23 23:46:13.414 [main] CommonFunction - General Studies clicked
[INFO ] 2021-06-23 23:46:15.546 [main] CommonFunction - Economics clicked
[INFO ] 2021-06-23 23:46:15.703 [main] CommonFunction - Nature of Indian Economy clicked
[INFO ] 2021-06-23 23:46:17.856 [main] CommonFunction - Sample Material clicked
[INFO ] 2021-06-23 23:46:17.857 [main] CommonFunction - Nature of Indian Economy function finished
[INFO ] 2021-06-23 23:46:18.342 [main] CommonFunction - Five Year Plan and Assessment function running
[INFO ] 2021-06-23 23:46:18.633 [main] CommonFunction - Five Year Plan and Assessment clicked
[INFO ] 2021-06-23 23:46:20.685 [main] CommonFunction - Sample Material clicked
[INFO ] 2021-06-23 23:46:20.685 [main] CommonFunction - Five Year Plan and Assessment function finished
[INFO ] 2021-06-23 23:46:21.077 [main] CommonFunction - Land Reforms and Agriculture, Agriculture Related schemes function running
[INFO ] 2021-06-23 23:46:21.289 [main] CommonFunction - Land Reforms and Agriculture, Agriculture Related schemes clicked
[INFO ] 2021-06-23 23:46:22.425 [main] CommonFunction - Sample Material clicked
[INFO ] 2021-06-23 23:46:22.425 [main] CommonFunction - Land Reforms and Agriculture, Agriculture Related schemes function finished
[INFO ] 2021-06-23 23:46:22.872 [main] CommonFunction - Industrial Growth function running
[INFO ] 2021-06-23 23:46:23.092 [main] CommonFunction - Industrial Growth clicked
[INFO ] 2021-06-23 23:46:24.406 [main] CommonFunction - Sample Material clicked
[INFO ] 2021-06-23 23:46:24.406 [main] CommonFunction - Industrial Growth function finished
[INFO ] 2021-06-23 23:46:24.740 [main] CommonFunction - Rural Welfare Oriented Programmes function running
[INFO ] 2021-06-23 23:46:24.943 [main] CommonFunction - Rural Welfare Oriented Programmes clicked
[INFO ] 2021-06-23 23:46:26.516 [main] CommonFunction - Sample Material clicked
[INFO ] 2021-06-23 23:46:26.517 [main] CommonFunction - Rural Welfare Oriented Programmes function finished
[INFO ] 2021-06-23 23:46:26.840 [main] CommonFunction - Social Sector Problems, Population, Education, Health, Employment, Poverty function running
[INFO ] 2021-06-23 23:46:27.044 [main] CommonFunction - Social Sector Problems, Population, Education, Health, Employment, Poverty clicked
[INFO ] 2021-06-23 23:46:28.163 [main] CommonFunction - Sample Material clicked
[INFO ] 2021-06-23 23:46:28.163 [main] CommonFunction - Social Sector Problems, Population, Education, Health, Employment, Poverty function finished
[INFO ] 2021-06-23 23:46:28.538 [main] CommonFunction - Economic Trends in Tamilnadu function running
[INFO ] 2021-06-23 23:46:28.755 [main] CommonFunction - Economic Trends in Tamilnadu clicked
[INFO ] 2021-06-23 23:46:30.073 [main] CommonFunction - Sample Material clicked
[INFO ] 2021-06-23 23:46:30.073 [main] CommonFunction - Economic Trends in Tamilnadu function finished
[INFO ] 2021-06-23 23:46:39.115 [main] CommonFunction - PracticeQuestion function running
[INFO ] 2021-06-23 23:46:39.562 [main] CommonFunction - GeneralStudies clicked
[INFO ] 2021-06-23 23:46:40.003 [main] CommonFunction - PracticeQuestion clicked
[INFO ] 2021-06-23 23:46:40.217 [main] CommonFunction - Sample Material clicked
[INFO ] 2021-06-23 23:46:40.217 [main] CommonFunction - PracticeQuestion function finished
[INFO ] 2021-06-23 23:46:41.683 [main] CommonFunction - Browser closed
[INFO ] 2021-06-24 00:20:14.979 [main] CommonFunction - Property file Loaded
[INFO ] 2021-06-24 00:20:19.186 [main] CommonFunction - Browser Opened
[INFO ] 2021-06-24 00:20:33.019 [main] CommonFunction - getting url
[INFO ] 2021-06-24 00:20:36.076 [main] CommonFunction - Universe And Solar System function running
[INFO ] 2021-06-24 00:20:47.367 [main] CommonFunction - General Studies clicked
[INFO ] 2021-06-24 00:20:49.159 [main] CommonFunction - Geograpy clicked
[INFO ] 2021-06-24 00:20:49.333 [main] CommonFunction - Universe And Solar System clicked
[INFO ] 2021-06-24 00:20:49.881 [main] CommonFunction - Sample Material clicked
[INFO ] 2021-06-24 00:20:49.882 [main] CommonFunction - Universe And Solar System function finished
[INFO ] 2021-06-24 00:20:50.626 [main] CommonFunction - Weather, Monsoon, Rainfall function running
[INFO ] 2021-06-24 00:20:50.805 [main] CommonFunction - Weather, Monsoon, Rainfall clicked
[INFO ] 2021-06-24 00:20:51.360 [main] CommonFunction - Sample Material clicked
[INFO ] 2021-06-24 00:20:51.360 [main] CommonFunction - Weather, Monsoon, Rainfall function finished
[INFO ] 2021-06-24 00:20:51.714 [main] CommonFunction - Water Resources function running
[INFO ] 2021-06-24 00:20:51.878 [main] CommonFunction - Water Resources clicked
[INFO ] 2021-06-24 00:20:52.580 [main] CommonFunction - Sample Material clicked
[INFO ] 2021-06-24 00:20:52.581 [main] CommonFunction - Water Resources function finished
[INFO ] 2021-06-24 00:20:53.103 [main] CommonFunction - Rivers of India function running
[INFO ] 2021-06-24 00:20:53.364 [main] CommonFunction - Rivers of India clicked
[INFO ] 2021-06-24 00:20:54.050 [main] CommonFunction - Sample Material clicked
[INFO ] 2021-06-24 00:20:54.050 [main] CommonFunction - Rivers of India function finished
[INFO ] 2021-06-24 00:20:54.482 [main] CommonFunction - Soils function running
[INFO ] 2021-06-24 00:20:54.653 [main] CommonFunction - Soils clicked
[INFO ] 2021-06-24 00:20:55.115 [main] CommonFunction - Sample Material clicked
[INFO ] 2021-06-24 00:20:55.115 [main] CommonFunction - Soils function finished
[INFO ] 2021-06-24 00:20:55.507 [main] CommonFunction - Population Density and Distribution function running
[INFO ] 2021-06-24 00:20:55.689 [main] CommonFunction - Population Density and Distribution clicked
[INFO ] 2021-06-24 00:20:56.205 [main] CommonFunction - Sample Material clicked
[INFO ] 2021-06-24 00:20:56.205 [main] CommonFunction - Population Density and Distribution function finished
[INFO ] 2021-06-24 00:20:56.776 [main] CommonFunction - Social Geography function running
[INFO ] 2021-06-24 00:20:56.930 [main] CommonFunction - Social Geography clicked
[INFO ] 2021-06-24 00:20:57.957 [main] CommonFunction - Sample Material clicked
[INFO ] 2021-06-24 00:20:57.957 [main] CommonFunction - Social Geography function finished
[INFO ] 2021-06-24 00:20:58.627 [main] CommonFunction - Disaster Management function running
[INFO ] 2021-06-24 00:20:58.916 [main] CommonFunction - Disaster Management clicked
[INFO ] 2021-06-24 00:20:59.677 [main] CommonFunction - Sample Material clicked
[INFO ] 2021-06-24 00:20:59.677 [main] CommonFunction - Disaster Management function finished
[INFO ] 2021-06-24 00:21:00.021 [main] CommonFunction - Tamilnadu function running
[INFO ] 2021-06-24 00:21:00.247 [main] CommonFunction - Tamilnadu clicked
[INFO ] 2021-06-24 00:21:00.779 [main] CommonFunction - Sample Material clicked
[INFO ] 2021-06-24 00:21:00.780 [main] CommonFunction - Tamilnadu function finished
[INFO ] 2021-06-24 00:21:01.195 [main] CommonFunction - Earth function running
[INFO ] 2021-06-24 00:21:01.435 [main] CommonFunction - Earth clicked
[INFO ] 2021-06-24 00:21:01.958 [main] CommonFunction - Sample Material clicked
[INFO ] 2021-06-24 00:21:01.958 [main] CommonFunction - Earth function finished
[INFO ] 2021-06-24 00:21:02.340 [main] CommonFunction - Additional Information function running
[INFO ] 2021-06-24 00:21:02.525 [main] CommonFunction - Additional Information clicked
[INFO ] 2021-06-24 00:21:03.165 [main] CommonFunction - Sample Material clicked
[INFO ] 2021-06-24 00:21:03.165 [main] CommonFunction - Additional Information function finished
[INFO ] 2021-06-24 00:21:03.529 [main] CommonFunction - India - Soils, Minerals, Natural Resources, Forests, Agriculture, Transport, Communication function running
[INFO ] 2021-06-24 00:21:03.720 [main] CommonFunction - India - Soils, Minerals, Natural Resources, Forests, Agriculture, Transport, Communication clicked
[INFO ] 2021-06-24 00:21:04.194 [main] CommonFunction - Sample Material clicked
[INFO ] 2021-06-24 00:21:04.195 [main] CommonFunction - India - Soils, Minerals, Natural Resources, Forests, Agriculture, Transport, Communication function finished
[INFO ] 2021-06-24 00:21:04.611 [main] CommonFunction - Continents - Soils, Minerals, Forests, Natural Resources, Agriculture, Transport, Communication and Population function running
[INFO ] 2021-06-24 00:21:04.820 [main] CommonFunction - Continents - Soils, Minerals, Forests, Natural Resources, Agriculture, Transport, Communication and Population clicked
[INFO ] 2021-06-24 00:21:05.363 [main] CommonFunction - Sample Material clicked
[INFO ] 2021-06-24 00:21:05.364 [main] CommonFunction - Continents - Soils, Minerals, Forests, Natural Resources, Agriculture, Transport, Communication and Population function finished
[INFO ] 2021-06-24 00:21:14.359 [main] CommonFunction - PracticeQuestion function running
[INFO ] 2021-06-24 00:21:14.758 [main] CommonFunction - GeneralStudies clicked
[INFO ] 2021-06-24 00:21:15.148 [main] CommonFunction - PracticeQuestion clicked
[INFO ] 2021-06-24 00:21:15.300 [main] CommonFunction - Sample Material clicked
[INFO ] 2021-06-24 00:21:15.301 [main] CommonFunction - PracticeQuestion function finished
[INFO ] 2021-06-24 00:21:17.044 [main] CommonFunction - Browser closed
[INFO ] 2021-06-24 10:58:47.549 [main] CommonFunction - Property file Loaded
[INFO ] 2021-06-24 10:58:57.482 [main] CommonFunction - Browser Opened
[INFO ] 2021-06-24 10:59:11.561 [main] CommonFunction - getting url
[INFO ] 2021-06-24 10:59:17.903 [main] CommonFunction - Compound Interest function running
[INFO ] 2021-06-24 10:59:28.687 [main] CommonFunction - General Studies clicked
[INFO ] 2021-06-24 10:59:30.579 [main] CommonFunction - Mathematics clicked
[INFO ] 2021-06-24 10:59:30.744 [main] CommonFunction - Compound Interest clicked
[INFO ] 2021-06-24 10:59:37.390 [main] CommonFunction - Subscribe clicked
[INFO ] 2021-06-24 10:59:37.393 [main] CommonFunction - Compound Interest function finished
[INFO ] 2021-06-24 10:59:38.029 [main] CommonFunction - Simple Interest function running
[INFO ] 2021-06-24 10:59:38.245 [main] CommonFunction - Simple Interest clicked
[INFO ] 2021-06-24 10:59:39.609 [main] CommonFunction - Subscribe clicked
[INFO ] 2021-06-24 10:59:39.609 [main] CommonFunction - Simple Interest function finished
[INFO ] 2021-06-24 10:59:39.967 [main] CommonFunction - Simplifications function running
[INFO ] 2021-06-24 10:59:40.202 [main] CommonFunction - Simplifications clicked
[INFO ] 2021-06-24 10:59:41.695 [main] CommonFunction - Subscribe clicked
[INFO ] 2021-06-24 10:59:41.695 [main] CommonFunction - Simplifications function finished
[INFO ] 2021-06-24 10:59:42.098 [main] CommonFunction - Time & Distance function running
[INFO ] 2021-06-24 10:59:42.307 [main] CommonFunction - Time & Distance clicked
[INFO ] 2021-06-24 10:59:43.097 [main] CommonFunction - Subscribe clicked
[INFO ] 2021-06-24 10:59:43.097 [main] CommonFunction - Time & Distance function finished
[INFO ] 2021-06-24 10:59:43.470 [main] CommonFunction - L.C.M and H.C.F function running
[INFO ] 2021-06-24 10:59:43.698 [main] CommonFunction - L.C.M and H.C.F clicked
[INFO ] 2021-06-24 10:59:44.682 [main] CommonFunction - Subscribe clicked
[INFO ] 2021-06-24 10:59:44.683 [main] CommonFunction - L.C.M and H.C.F function finished
[INFO ] 2021-06-24 10:59:45.067 [main] CommonFunction - Alphabetical Series function running
[INFO ] 2021-06-24 10:59:45.288 [main] CommonFunction - Alphabetical Series clicked
[INFO ] 2021-06-24 10:59:46.160 [main] CommonFunction - Subscribe clicked
[INFO ] 2021-06-24 10:59:46.160 [main] CommonFunction - Alphabetical Series function finished
[INFO ] 2021-06-24 10:59:46.523 [main] CommonFunction - Number series function running
[INFO ] 2021-06-24 10:59:46.775 [main] CommonFunction - Number series clicked
[INFO ] 2021-06-24 10:59:47.606 [main] CommonFunction - Subscribe clicked
[INFO ] 2021-06-24 10:59:47.607 [main] CommonFunction - Number series function finished
[INFO ] 2021-06-24 10:59:48.097 [main] CommonFunction - Percentage function running
[INFO ] 2021-06-24 10:59:48.352 [main] CommonFunction - Percentage clicked
[INFO ] 2021-06-24 10:59:49.228 [main] CommonFunction - Subscribe clicked
[INFO ] 2021-06-24 10:59:49.228 [main] CommonFunction - Percentage function finished
[INFO ] 2021-06-24 10:59:49.578 [main] CommonFunction - Ratio and Proportion function running
[INFO ] 2021-06-24 10:59:49.742 [main] CommonFunction - Ratio and Proportion clicked
[INFO ] 2021-06-24 10:59:50.461 [main] CommonFunction - Subscribe clicked
[INFO ] 2021-06-24 10:59:50.461 [main] CommonFunction - Ratio and Proportion function finished
[INFO ] 2021-06-24 10:59:50.800 [main] CommonFunction - Conversion of Information to Data function running
[INFO ] 2021-06-24 10:59:51.062 [main] CommonFunction - Conversion of Information to Data clicked
[INFO ] 2021-06-24 10:59:51.933 [main] CommonFunction - Subscribe clicked
[INFO ] 2021-06-24 10:59:51.933 [main] CommonFunction - Conversion of Information to Data function finished
[INFO ] 2021-06-24 10:59:52.341 [main] CommonFunction - Tabulation function running
[INFO ] 2021-06-24 10:59:52.508 [main] CommonFunction - Tabulation clicked
[INFO ] 2021-06-24 10:59:53.304 [main] CommonFunction - Subscribe clicked
[INFO ] 2021-06-24 10:59:53.304 [main] CommonFunction - Tabulation function finished
[INFO ] 2021-06-24 10:59:53.641 [main] CommonFunction - Puzzle Test function running
[INFO ] 2021-06-24 10:59:53.909 [main] CommonFunction - Puzzle Test clicked
[INFO ] 2021-06-24 10:59:54.878 [main] CommonFunction - Subscribe clicked
[INFO ] 2021-06-24 10:59:54.879 [main] CommonFunction - Puzzle Test function finished
[INFO ] 2021-06-24 10:59:55.213 [main] CommonFunction - Diagrammatic Series function running
[INFO ] 2021-06-24 10:59:55.395 [main] CommonFunction - Diagrammatic Series clicked
[INFO ] 2021-06-24 10:59:56.080 [main] CommonFunction - Subscribe clicked
[INFO ] 2021-06-24 10:59:56.080 [main] CommonFunction - Diagrammatic Series function finished
[INFO ] 2021-06-24 10:59:56.449 [main] CommonFunction - Time and Work function running
[INFO ] 2021-06-24 10:59:56.697 [main] CommonFunction - Time and Work clicked
[INFO ] 2021-06-24 10:59:57.628 [main] CommonFunction - Subscribe clicked
[INFO ] 2021-06-24 10:59:57.628 [main] CommonFunction - Time and Work function finished
[INFO ] 2021-06-24 10:59:57.995 [main] CommonFunction - Area, Surface and Volume function running
[INFO ] 2021-06-24 10:59:58.253 [main] CommonFunction - Area, Surface and Volume clicked
[INFO ] 2021-06-24 10:59:59.006 [main] CommonFunction - Subscribe clicked
[INFO ] 2021-06-24 10:59:59.006 [main] CommonFunction - Area, Surface and Volume function finished
[INFO ] 2021-06-24 10:59:59.686 [main] CommonFunction - Problem on Ages, Partnership function running
[INFO ] 2021-06-24 10:59:59.848 [main] CommonFunction - Problem on Ages, Partnership clicked
[INFO ] 2021-06-24 11:00:00.503 [main] CommonFunction - Subscribe clicked
[INFO ] 2021-06-24 11:00:00.503 [main] CommonFunction - Problem on Ages, Partnership function finished
[INFO ] 2021-06-24 11:00:18.239 [main] CommonFunction - PracticeQuestion function running
[INFO ] 2021-06-24 11:00:18.666 [main] CommonFunction - GeneralStudies clicked
[INFO ] 2021-06-24 11:00:19.208 [main] CommonFunction - PracticeQuestion clicked
[INFO ] 2021-06-24 11:00:20.499 [main] CommonFunction - Subscribe clicked
[INFO ] 2021-06-24 11:00:20.500 [main] CommonFunction - PracticeQuestion function finished
[INFO ] 2021-06-24 11:00:24.885 [main] CommonFunction - Browser closed
[INFO ] 2021-06-24 11:38:08.932 [main] CommonFunction - Property file Loaded
[INFO ] 2021-06-24 11:38:15.836 [main] CommonFunction - Browser Opened
[INFO ] 2021-06-24 11:38:52.109 [main] CommonFunction - getting url
[INFO ] 2021-06-24 11:38:59.988 [main] CommonFunction - Constitution of India function running
[INFO ] 2021-06-24 11:39:06.364 [main] CommonFunction - General Studies clicked
[INFO ] 2021-06-24 11:39:08.957 [main] CommonFunction - Politics clicked
[INFO ] 2021-06-24 11:39:09.109 [main] CommonFunction - Constitution of India clicked
[INFO ] 2021-06-24 11:39:10.733 [main] CommonFunction - Sample Material clicked
[INFO ] 2021-06-24 11:39:10.733 [main] CommonFunction - Constitution of India function finished
[INFO ] 2021-06-24 11:39:11.441 [main] CommonFunction - Preamble to the Constitution function running
[INFO ] 2021-06-24 11:39:11.649 [main] CommonFunction - Preamble to the Constitution clicked
[INFO ] 2021-06-24 11:39:12.953 [main] CommonFunction - Sample Material clicked
[INFO ] 2021-06-24 11:39:12.953 [main] CommonFunction - Preamble to the Constitution function finished
[INFO ] 2021-06-24 11:39:13.493 [main] CommonFunction - Salient Features of the Constitution function running
[INFO ] 2021-06-24 11:39:13.661 [main] CommonFunction - Salient Features of the Constitution clicked
[INFO ] 2021-06-24 11:39:13.733 [main] CommonFunction - Sample Material clicked
[INFO ] 2021-06-24 11:39:13.733 [main] CommonFunction - Salient Features of the Constitution function finished
[INFO ] 2021-06-24 11:39:13.765 [main] CommonFunction - Union, State and Union Territory function running
[INFO ] 2021-06-24 11:39:13.877 [main] CommonFunction - Union, State and Union Territory clicked
[INFO ] 2021-06-24 11:39:14.631 [main] CommonFunction - Sample Material clicked
[INFO ] 2021-06-24 11:39:14.631 [main] CommonFunction - Union, State and Union Territory function finished
[INFO ] 2021-06-24 11:39:15.111 [main] CommonFunction - Citizenship function running
[INFO ] 2021-06-24 11:39:15.343 [main] CommonFunction - Citizenship clicked
[INFO ] 2021-06-24 11:39:16.071 [main] CommonFunction - Sample Material clicked
[INFO ] 2021-06-24 11:39:16.079 [main] CommonFunction - Citizenship function finished
[INFO ] 2021-06-24 11:39:16.567 [main] CommonFunction - Fundamental Rights function running
[INFO ] 2021-06-24 11:39:16.695 [main] CommonFunction - Fundamental Rights clicked
[INFO ] 2021-06-24 11:39:17.775 [main] CommonFunction - Sample Material clicked
[INFO ] 2021-06-24 11:39:17.775 [main] CommonFunction - Fundamental Rights function finished
[INFO ] 2021-06-24 11:39:18.221 [main] CommonFunction - Fundamental Duties function running
[INFO ] 2021-06-24 11:39:18.397 [main] CommonFunction - Fundamental Duties clicked
[INFO ] 2021-06-24 11:39:19.580 [main] CommonFunction - Sample Material clicked
[INFO ] 2021-06-24 11:39:19.580 [main] CommonFunction - Fundamental Duties function finished
[INFO ] 2021-06-24 11:39:20.232 [main] CommonFunction - Human Rights Charter, United Nations Assembly function running
[INFO ] 2021-06-24 11:39:20.424 [main] CommonFunction - Human Rights Charter, United Nations Assembly clicked
[INFO ] 2021-06-24 11:39:21.096 [main] CommonFunction - Sample Material clicked
[INFO ] 2021-06-24 11:39:21.096 [main] CommonFunction - Human Rights Charter, United Nations Assembly function finished
[INFO ] 2021-06-24 11:39:21.497 [main] CommonFunction - Union Legislature and Parliament function running
[INFO ] 2021-06-24 11:39:21.705 [main] CommonFunction - Union Legislature and Parliament clicked
[INFO ] 2021-06-24 11:39:22.265 [main] CommonFunction - Sample Material clicked
[INFO ] 2021-06-24 11:39:22.265 [main] CommonFunction - Union Legislature and Parliament function finished
[INFO ] 2021-06-24 11:39:22.698 [main] CommonFunction - State Legislature function running
[INFO ] 2021-06-24 11:39:22.922 [main] CommonFunction - State Legislature clicked
[INFO ] 2021-06-24 11:39:23.498 [main] CommonFunction - Sample Material clicked
[INFO ] 2021-06-24 11:39:23.498 [main] CommonFunction - State Legislature function finished
[INFO ] 2021-06-24 11:39:23.969 [main] CommonFunction - Panchayat Raj function running
[INFO ] 2021-06-24 11:39:24.177 [main] CommonFunction - Panchayat Raj clicked
[INFO ] 2021-06-24 11:39:24.969 [main] CommonFunction - Sample Material clicked
[INFO ] 2021-06-24 11:39:24.969 [main] CommonFunction - Panchayat Raj function finished
[INFO ] 2021-06-24 11:39:25.600 [main] CommonFunction - Judiciary in India - Rule of Law function running
[INFO ] 2021-06-24 11:39:25.808 [main] CommonFunction - Judiciary in India - Rule of Law clicked
[INFO ] 2021-06-24 11:39:26.408 [main] CommonFunction - Sample Material clicked
[INFO ] 2021-06-24 11:39:26.408 [main] CommonFunction - Judiciary in India - Rule of Law function finished
[INFO ] 2021-06-24 11:39:26.926 [main] CommonFunction - Elections function running
[INFO ] 2021-06-24 11:39:27.134 [main] CommonFunction - Elections clicked
[INFO ] 2021-06-24 11:39:27.742 [main] CommonFunction - Sample Material clicked
[INFO ] 2021-06-24 11:39:27.742 [main] CommonFunction - Elections function finished
[INFO ] 2021-06-24 11:39:28.194 [main] CommonFunction - Official Languages of India function running
[INFO ] 2021-06-24 11:39:28.378 [main] CommonFunction - Official Languages of India clicked
[INFO ] 2021-06-24 11:39:29.561 [main] CommonFunction - Sample Material clicked
[INFO ] 2021-06-24 11:39:29.561 [main] CommonFunction - Official Languages of India function finished
[INFO ] 2021-06-24 11:39:29.994 [main] CommonFunction - Corruption in Public Life - Anticorruption Measures function running
[INFO ] 2021-06-24 11:39:30.210 [main] CommonFunction - Corruption in Public Life - Anticorruption Measures clicked
[INFO ] 2021-06-24 11:39:30.810 [main] CommonFunction - Sample Material clicked
[INFO ] 2021-06-24 11:39:30.810 [main] CommonFunction - Corruption in Public Life - Anticorruption Measures function finished
[INFO ] 2021-06-24 11:39:31.246 [main] CommonFunction - Empowerment of Women function running
[INFO ] 2021-06-24 11:39:31.622 [main] CommonFunction - Empowerment of Women clicked
[INFO ] 2021-06-24 11:39:32.262 [main] CommonFunction - Sample Material clicked
[INFO ] 2021-06-24 11:39:32.262 [main] CommonFunction - Empowerment of Women function finished
[INFO ] 2021-06-24 11:39:32.757 [main] CommonFunction - Right to Information function running
[INFO ] 2021-06-24 11:39:32.981 [main] CommonFunction - Right to Information clicked
[INFO ] 2021-06-24 11:39:33.621 [main] CommonFunction - Sample Material clicked
[INFO ] 2021-06-24 11:39:33.621 [main] CommonFunction - Right to Information function finished
[INFO ] 2021-06-24 11:39:34.197 [main] CommonFunction - Indian Constitution - Articles function running
[INFO ] 2021-06-24 11:39:34.389 [main] CommonFunction - Indian Constitution - Articles clicked
[INFO ] 2021-06-24 11:39:34.965 [main] CommonFunction - Sample Material clicked
[INFO ] 2021-06-24 11:39:34.965 [main] CommonFunction - Indian Constitution - Articles function finished
[INFO ] 2021-06-24 11:39:35.333 [main] CommonFunction - Amendments in Indian Constitution (1 to 103) function running
[INFO ] 2021-06-24 11:39:35.509 [main] CommonFunction - Amendments in Indian Constitution (1 to 103) clicked
[INFO ] 2021-06-24 11:39:36.069 [main] CommonFunction - Sample Material clicked
[INFO ] 2021-06-24 11:39:36.069 [main] CommonFunction - Amendments in Indian Constitution (1 to 103) function finished
[INFO ] 2021-06-24 11:39:47.406 [main] CommonFunction - PracticeQuestion function running
[INFO ] 2021-06-24 11:39:47.781 [main] CommonFunction - GeneralStudies clicked
[INFO ] 2021-06-24 11:39:48.268 [main] CommonFunction - PracticeQuestion clicked
[INFO ] 2021-06-24 11:39:48.468 [main] CommonFunction - close Popup clicked
[INFO ] 2021-06-24 11:39:48.468 [main] CommonFunction - PracticeQuestion function finished
[INFO ] 2021-06-24 11:39:51.233 [main] CommonFunction - Browser closed
[INFO ] 2021-06-24 11:46:54.204 [main] CommonFunction - Property file Loaded
[INFO ] 2021-06-24 11:47:01.615 [main] CommonFunction - Browser Opened
[INFO ] 2021-06-24 11:47:22.423 [main] CommonFunction - getting url
[INFO ] 2021-06-24 11:47:27.606 [main] CommonFunction - Nature of Universe function running
[INFO ] 2021-06-24 11:47:38.122 [main] CommonFunction - General Studies clicked
[INFO ] 2021-06-24 11:47:41.664 [main] CommonFunction - Science clicked
[INFO ] 2021-06-24 11:47:41.832 [main] CommonFunction - Nature of Universe clicked
[INFO ] 2021-06-24 11:47:46.602 [main] CommonFunction - Sample Material clicked
[INFO ] 2021-06-24 11:47:46.602 [main] CommonFunction - Nature of Universe function finished
[INFO ] 2021-06-24 11:47:48.731 [main] CommonFunction - Browser closed
[INFO ] 2021-06-24 12:32:12.512 [main] CommonFunction - Property file Loaded
[INFO ] 2021-06-24 12:32:17.392 [main] CommonFunction - Browser Opened
[INFO ] 2021-06-24 12:32:41.803 [main] CommonFunction - getting url
[INFO ] 2021-06-24 12:32:45.721 [main] CommonFunction - Nature of Universe function running
[INFO ] 2021-06-24 12:32:50.776 [main] CommonFunction - General Studies clicked
[INFO ] 2021-06-24 12:32:54.069 [main] CommonFunction - Science clicked
[INFO ] 2021-06-24 12:32:54.218 [main] CommonFunction - Nature of Universe clicked
[INFO ] 2021-06-24 12:32:58.903 [main] CommonFunction - subscribe clicked
[INFO ] 2021-06-24 12:32:58.905 [main] CommonFunction - Nature of Universe function finished
[INFO ] 2021-06-24 12:32:59.748 [main] CommonFunction - General Scientific Laws function running
[INFO ] 2021-06-24 12:32:59.970 [main] CommonFunction - General Scientific Laws clicked
[INFO ] 2021-06-24 12:33:01.225 [main] CommonFunction - subscribe clicked
[INFO ] 2021-06-24 12:33:01.225 [main] CommonFunction - General Scientific Laws function finished
[INFO ] 2021-06-24 12:33:01.622 [main] CommonFunction - New Innovations and Discoveries function running
[INFO ] 2021-06-24 12:33:01.875 [main] CommonFunction - New Innovations and Discoveries clicked
[INFO ] 2021-06-24 12:33:02.881 [main] CommonFunction - subscribe clicked
[INFO ] 2021-06-24 12:33:02.881 [main] CommonFunction - New Innovations and Discoveries function finished
[INFO ] 2021-06-24 12:33:03.277 [main] CommonFunction - National Scientific Laboratories function running
[INFO ] 2021-06-24 12:33:03.551 [main] CommonFunction - National Scientific Laboratories clicked
[INFO ] 2021-06-24 12:33:04.485 [main] CommonFunction - subscribe clicked
[INFO ] 2021-06-24 12:33:04.486 [main] CommonFunction - National Scientific Laboratories function finished
[INFO ] 2021-06-24 12:33:04.835 [main] CommonFunction - MECHANICS PROPERTIES OF MATTER - PHYSICAL QUANTITIES ,STANDRADS AND UNITS function running
[INFO ] 2021-06-24 12:33:05.092 [main] CommonFunction - MECHANICS PROPERTIES OF MATTER - PHYSICAL QUANTITIES ,STANDRADS AND UNITS clicked
[INFO ] 2021-06-24 12:33:05.905 [main] CommonFunction - subscribe clicked
[INFO ] 2021-06-24 12:33:05.906 [main] CommonFunction - MECHANICS PROPERTIES OF MATTER - PHYSICAL QUANTITIES ,STANDRADS AND UNITS function finished
[INFO ] 2021-06-24 12:33:06.250 [main] CommonFunction - force function running
[INFO ] 2021-06-24 12:33:06.490 [main] CommonFunction - force clicked
[INFO ] 2021-06-24 12:33:07.232 [main] CommonFunction - subscribe clicked
[INFO ] 2021-06-24 12:33:07.232 [main] CommonFunction - force function finished
[INFO ] 2021-06-24 12:33:07.638 [main] CommonFunction - motion and Energy function running
[INFO ] 2021-06-24 12:33:07.867 [main] CommonFunction - motion and Energy clicked
[INFO ] 2021-06-24 12:33:08.840 [main] CommonFunction - subscribe clicked
[INFO ] 2021-06-24 12:33:08.840 [main] CommonFunction - motion and Energy function finished
[INFO ] 2021-06-24 12:33:09.233 [main] CommonFunction - Magnetism function running
[INFO ] 2021-06-24 12:33:09.446 [main] CommonFunction - Magnetism clicked
[INFO ] 2021-06-24 12:33:10.163 [main] CommonFunction - subscribe clicked
[INFO ] 2021-06-24 12:33:10.163 [main] CommonFunction - Magnetism function finished
[INFO ] 2021-06-24 12:33:10.540 [main] CommonFunction - Electricity And Electronics function running
[INFO ] 2021-06-24 12:33:10.796 [main] CommonFunction - Electricity And Electronics clicked
[INFO ] 2021-06-24 12:33:11.688 [main] CommonFunction - subscribe clicked
[INFO ] 2021-06-24 12:33:11.688 [main] CommonFunction - Electricity And Electronics function finished
[INFO ] 2021-06-24 12:33:12.080 [main] CommonFunction - Heat function running
[INFO ] 2021-06-24 12:33:12.276 [main] CommonFunction - Heat clicked
[INFO ] 2021-06-24 12:33:13.160 [main] CommonFunction - subscribe clicked
[INFO ] 2021-06-24 12:33:13.160 [main] CommonFunction - Heat function finished
[INFO ] 2021-06-24 12:33:13.544 [main] CommonFunction - Light function running
[INFO ] 2021-06-24 12:33:13.775 [main] CommonFunction - Light clicked
[INFO ] 2021-06-24 12:33:14.761 [main] CommonFunction - subscribe clicked
[INFO ] 2021-06-24 12:33:14.761 [main] CommonFunction - Light function finished
[INFO ] 2021-06-24 12:33:15.151 [main] CommonFunction - Sound function running
[INFO ] 2021-06-24 12:33:15.330 [main] CommonFunction - Sound clicked
[INFO ] 2021-06-24 12:33:16.066 [main] CommonFunction - subscribe clicked
[INFO ] 2021-06-24 12:33:16.066 [main] CommonFunction - Sound function finished
[INFO ] 2021-06-24 12:33:16.426 [main] CommonFunction - Elements and Compounds function running
[INFO ] 2021-06-24 12:33:16.634 [main] CommonFunction - Elements and Compounds clicked
[INFO ] 2021-06-24 12:33:17.262 [main] CommonFunction - subscribe clicked
[INFO ] 2021-06-24 12:33:17.263 [main] CommonFunction - Elements and Compounds function finished
[INFO ] 2021-06-24 12:33:17.671 [main] CommonFunction - Acids, Bases and Salts function running
[INFO ] 2021-06-24 12:33:18.021 [main] CommonFunction - Acids, Bases and Salts clicked
[INFO ] 2021-06-24 12:33:19.522 [main] CommonFunction - subscribe clicked
[INFO ] 2021-06-24 12:33:19.523 [main] CommonFunction - Acids, Bases and Salts function finished
[INFO ] 2021-06-24 12:33:20.048 [main] CommonFunction - Fertilizers, Pesticides and Insecticides function running
[INFO ] 2021-06-24 12:33:20.261 [main] CommonFunction - Fertilizers, Pesticides and Insecticides clicked
[INFO ] 2021-06-24 12:33:21.451 [main] CommonFunction - subscribe clicked
[INFO ] 2021-06-24 12:33:21.451 [main] CommonFunction - Fertilizers, Pesticides and Insecticides function finished
[INFO ] 2021-06-24 12:33:22.029 [main] CommonFunction - Main Concepts Of Life Science function running
[INFO ] 2021-06-24 12:33:22.273 [main] CommonFunction - Main Concepts Of Life Science clicked
[INFO ] 2021-06-24 12:33:22.861 [main] CommonFunction - subscribe clicked
[INFO ] 2021-06-24 12:33:22.862 [main] CommonFunction - Main Concepts Of Life Science function finished
[INFO ] 2021-06-24 12:33:23.259 [main] CommonFunction - Classification of living Organism function running
[INFO ] 2021-06-24 12:33:23.509 [main] CommonFunction - Classification of living Organism clicked
[INFO ] 2021-06-24 12:33:24.632 [main] CommonFunction - subscribe clicked
[INFO ] 2021-06-24 12:33:24.632 [main] CommonFunction - Classification of living Organism function finished
[INFO ] 2021-06-24 12:33:25.153 [main] CommonFunction - Nutrition and Dietetics Respiration function running
[INFO ] 2021-06-24 12:33:25.417 [main] CommonFunction - Nutrition and Dietetics Respiration clicked
[INFO ] 2021-06-24 12:33:26.302 [main] CommonFunction - subscribe clicked
[INFO ] 2021-06-24 12:33:26.302 [main] CommonFunction - Nutrition and Dietetics Respiration function finished
[INFO ] 2021-06-24 12:33:26.644 [main] CommonFunction - Blood and Blood Circulaton function running
[INFO ] 2021-06-24 12:33:26.860 [main] CommonFunction - Blood and Blood Circulaton clicked
[INFO ] 2021-06-24 12:33:27.453 [main] CommonFunction - subscribe clicked
[INFO ] 2021-06-24 12:33:27.453 [main] CommonFunction - Blood and Blood Circulaton function finished
[INFO ] 2021-06-24 12:33:27.946 [main] CommonFunction - Reproductive system function running
[INFO ] 2021-06-24 12:33:28.242 [main] CommonFunction - Reproductive system clicked
[INFO ] 2021-06-24 12:33:29.218 [main] CommonFunction - subscribe clicked
[INFO ] 2021-06-24 12:33:29.218 [main] CommonFunction - Reproductive system function finished
[INFO ] 2021-06-24 12:33:29.581 [main] CommonFunction - Environment, Ecology function running
[INFO ] 2021-06-24 12:33:29.794 [main] CommonFunction - Environment, Ecology clicked
[INFO ] 2021-06-24 12:33:30.537 [main] CommonFunction - subscribe clicked
[INFO ] 2021-06-24 12:33:30.537 [main] CommonFunction - Environment, Ecology function finished
[INFO ] 2021-06-24 12:33:30.919 [main] CommonFunction - Human Diseases including communicable diseases prevention and remedies function running
[INFO ] 2021-06-24 12:33:31.116 [main] CommonFunction - Human Diseases including communicable diseases prevention and remedies clicked
[INFO ] 2021-06-24 12:33:31.736 [main] CommonFunction - subscribe clicked
[INFO ] 2021-06-24 12:33:31.736 [main] CommonFunction - Human Diseases including communicable diseases prevention and remedies function finished
[INFO ] 2021-06-24 12:33:32.115 [main] CommonFunction - Animals, Plants and human Life function running
[INFO ] 2021-06-24 12:33:32.435 [main] CommonFunction - Animals, Plants and human Life clicked
[INFO ] 2021-06-24 12:33:33.651 [main] CommonFunction - subscribe clicked
[INFO ] 2021-06-24 12:33:33.651 [main] CommonFunction - Animals, Plants and human Life function finished
[INFO ] 2021-06-24 12:34:03.854 [main] CommonFunction - PracticeQuestion function running
[INFO ] 2021-06-24 12:34:35.259 [main] CommonFunction - Browser closed
[INFO ] 2021-06-24 12:36:24.189 [main] CommonFunction - Property file Loaded
[INFO ] 2021-06-24 12:36:28.798 [main] CommonFunction - Browser Opened
[INFO ] 2021-06-24 12:36:47.537 [main] CommonFunction - getting url
[INFO ] 2021-06-24 12:36:51.572 [main] CommonFunction - Nature of Universe function running
[INFO ] 2021-06-24 12:37:09.687 [main] CommonFunction - General Studies clicked
[INFO ] 2021-06-24 12:37:12.041 [main] CommonFunction - Science clicked
[INFO ] 2021-06-24 12:37:12.215 [main] CommonFunction - Nature of Universe clicked
[INFO ] 2021-06-24 12:37:16.890 [main] CommonFunction - subscribe clicked
[INFO ] 2021-06-24 12:37:16.892 [main] CommonFunction - Nature of Universe function finished
[INFO ] 2021-06-24 12:37:17.305 [main] CommonFunction - General Scientific Laws function running
[INFO ] 2021-06-24 12:37:17.482 [main] CommonFunction - General Scientific Laws clicked
[INFO ] 2021-06-24 12:37:18.313 [main] CommonFunction - subscribe clicked
[INFO ] 2021-06-24 12:37:18.314 [main] CommonFunction - General Scientific Laws function finished
[INFO ] 2021-06-24 12:37:18.764 [main] CommonFunction - New Innovations and Discoveries function running
[INFO ] 2021-06-24 12:37:19.004 [main] CommonFunction - New Innovations and Discoveries clicked
[INFO ] 2021-06-24 12:37:19.850 [main] CommonFunction - subscribe clicked
[INFO ] 2021-06-24 12:37:19.851 [main] CommonFunction - New Innovations and Discoveries function finished
[INFO ] 2021-06-24 12:37:20.212 [main] CommonFunction - National Scientific Laboratories function running
[INFO ] 2021-06-24 12:37:20.489 [main] CommonFunction - National Scientific Laboratories clicked
[INFO ] 2021-06-24 12:37:21.556 [main] CommonFunction - subscribe clicked
[INFO ] 2021-06-24 12:37:21.556 [main] CommonFunction - National Scientific Laboratories function finished
[INFO ] 2021-06-24 12:37:22.118 [main] CommonFunction - MECHANICS PROPERTIES OF MATTER - PHYSICAL QUANTITIES ,STANDRADS AND UNITS function running
[INFO ] 2021-06-24 12:37:22.442 [main] CommonFunction - MECHANICS PROPERTIES OF MATTER - PHYSICAL QUANTITIES ,STANDRADS AND UNITS clicked
[INFO ] 2021-06-24 12:37:23.743 [main] CommonFunction - subscribe clicked
[INFO ] 2021-06-24 12:37:23.743 [main] CommonFunction - MECHANICS PROPERTIES OF MATTER - PHYSICAL QUANTITIES ,STANDRADS AND UNITS function finished
[INFO ] 2021-06-24 12:37:24.146 [main] CommonFunction - force function running
[INFO ] 2021-06-24 12:37:24.335 [main] CommonFunction - force clicked
[INFO ] 2021-06-24 12:37:25.470 [main] CommonFunction - subscribe clicked
[INFO ] 2021-06-24 12:37:25.470 [main] CommonFunction - force function finished
[INFO ] 2021-06-24 12:37:25.849 [main] CommonFunction - motion and Energy function running
[INFO ] 2021-06-24 12:37:26.104 [main] CommonFunction - motion and Energy clicked
[INFO ] 2021-06-24 12:37:27.310 [main] CommonFunction - subscribe clicked
[INFO ] 2021-06-24 12:37:27.311 [main] CommonFunction - motion and Energy function finished
[INFO ] 2021-06-24 12:37:27.658 [main] CommonFunction - Magnetism function running
[INFO ] 2021-06-24 12:37:27.875 [main] CommonFunction - Magnetism clicked
[INFO ] 2021-06-24 12:37:28.947 [main] CommonFunction - subscribe clicked
[INFO ] 2021-06-24 12:37:28.947 [main] CommonFunction - Magnetism function finished
[INFO ] 2021-06-24 12:37:29.433 [main] CommonFunction - Electricity And Electronics function running
[INFO ] 2021-06-24 12:37:29.736 [main] CommonFunction - Electricity And Electronics clicked
[INFO ] 2021-06-24 12:37:30.956 [main] CommonFunction - subscribe clicked
[INFO ] 2021-06-24 12:37:30.956 [main] CommonFunction - Electricity And Electronics function finished
[INFO ] 2021-06-24 12:37:31.479 [main] CommonFunction - Heat function running
[INFO ] 2021-06-24 12:37:31.711 [main] CommonFunction - Heat clicked
[INFO ] 2021-06-24 12:37:32.554 [main] CommonFunction - subscribe clicked
[INFO ] 2021-06-24 12:37:32.555 [main] CommonFunction - Heat function finished
[INFO ] 2021-06-24 12:37:33.236 [main] CommonFunction - Light function running
[INFO ] 2021-06-24 12:37:33.542 [main] CommonFunction - Light clicked
[INFO ] 2021-06-24 12:37:34.608 [main] CommonFunction - subscribe clicked
[INFO ] 2021-06-24 12:37:34.609 [main] CommonFunction - Light function finished
[INFO ] 2021-06-24 12:37:35.038 [main] CommonFunction - Sound function running
[INFO ] 2021-06-24 12:37:35.259 [main] CommonFunction - Sound clicked
[INFO ] 2021-06-24 12:37:36.127 [main] CommonFunction - subscribe clicked
[INFO ] 2021-06-24 12:37:36.127 [main] CommonFunction - Sound function finished
[INFO ] 2021-06-24 12:37:36.625 [main] CommonFunction - Elements and Compounds function running
[INFO ] 2021-06-24 12:37:36.912 [main] CommonFunction - Elements and Compounds clicked
[INFO ] 2021-06-24 12:37:38.475 [main] CommonFunction - subscribe clicked
[INFO ] 2021-06-24 12:37:38.475 [main] CommonFunction - Elements and Compounds function finished
[INFO ] 2021-06-24 12:37:39.053 [main] CommonFunction - Acids, Bases and Salts function running
[INFO ] 2021-06-24 12:37:39.285 [main] CommonFunction - Acids, Bases and Salts clicked
[INFO ] 2021-06-24 12:37:40.295 [main] CommonFunction - subscribe clicked
[INFO ] 2021-06-24 12:37:40.296 [main] CommonFunction - Acids, Bases and Salts function finished
[INFO ] 2021-06-24 12:37:40.825 [main] CommonFunction - Fertilizers, Pesticides and Insecticides function running
[INFO ] 2021-06-24 12:37:41.111 [main] CommonFunction - Fertilizers, Pesticides and Insecticides clicked
[INFO ] 2021-06-24 12:37:42.154 [main] CommonFunction - subscribe clicked
[INFO ] 2021-06-24 12:37:42.155 [main] CommonFunction - Fertilizers, Pesticides and Insecticides function finished
[INFO ] 2021-06-24 12:37:42.622 [main] CommonFunction - Main Concepts Of Life Science function running
[INFO ] 2021-06-24 12:37:42.802 [main] CommonFunction - Main Concepts Of Life Science clicked
[INFO ] 2021-06-24 12:37:43.760 [main] CommonFunction - subscribe clicked
[INFO ] 2021-06-24 12:37:43.760 [main] CommonFunction - Main Concepts Of Life Science function finished
[INFO ] 2021-06-24 12:37:44.319 [main] CommonFunction - Classification of living Organism function running
[INFO ] 2021-06-24 12:37:44.566 [main] CommonFunction - Classification of living Organism clicked
[INFO ] 2021-06-24 12:37:45.143 [main] CommonFunction - subscribe clicked
[INFO ] 2021-06-24 12:37:45.143 [main] CommonFunction - Classification of living Organism function finished
[INFO ] 2021-06-24 12:37:45.469 [main] CommonFunction - Nutrition and Dietetics Respiration function running
[INFO ] 2021-06-24 12:37:45.731 [main] CommonFunction - Nutrition and Dietetics Respiration clicked
[INFO ] 2021-06-24 12:37:46.993 [main] CommonFunction - subscribe clicked
[INFO ] 2021-06-24 12:37:46.993 [main] CommonFunction - Nutrition and Dietetics Respiration function finished
[INFO ] 2021-06-24 12:37:47.320 [main] CommonFunction - Blood and Blood Circulaton function running
[INFO ] 2021-06-24 12:37:47.529 [main] CommonFunction - Blood and Blood Circulaton clicked
[INFO ] 2021-06-24 12:37:48.248 [main] CommonFunction - subscribe clicked
[INFO ] 2021-06-24 12:37:48.249 [main] CommonFunction - Blood and Blood Circulaton function finished
[INFO ] 2021-06-24 12:37:48.735 [main] CommonFunction - Reproductive system function running
[INFO ] 2021-06-24 12:37:48.948 [main] CommonFunction - Reproductive system clicked
[INFO ] 2021-06-24 12:37:49.594 [main] CommonFunction - subscribe clicked
[INFO ] 2021-06-24 12:37:49.595 [main] CommonFunction - Reproductive system function finished
[INFO ] 2021-06-24 12:37:50.108 [main] CommonFunction - Environment, Ecology function running
[INFO ] 2021-06-24 12:37:50.402 [main] CommonFunction - Environment, Ecology clicked
[INFO ] 2021-06-24 12:37:51.305 [main] CommonFunction - subscribe clicked
[INFO ] 2021-06-24 12:37:51.305 [main] CommonFunction - Environment, Ecology function finished
[INFO ] 2021-06-24 12:37:51.739 [main] CommonFunction - Human Diseases including communicable diseases prevention and remedies function running
[INFO ] 2021-06-24 12:37:51.933 [main] CommonFunction - Human Diseases including communicable diseases prevention and remedies clicked
[INFO ] 2021-06-24 12:37:52.725 [main] CommonFunction - subscribe clicked
[INFO ] 2021-06-24 12:37:52.725 [main] CommonFunction - Human Diseases including communicable diseases prevention and remedies function finished
[INFO ] 2021-06-24 12:37:53.150 [main] CommonFunction - Animals, Plants and human Life function running
[INFO ] 2021-06-24 12:37:53.388 [main] CommonFunction - Animals, Plants and human Life clicked
[INFO ] 2021-06-24 12:37:54.149 [main] CommonFunction - subscribe clicked
[INFO ] 2021-06-24 12:37:54.149 [main] CommonFunction - Animals, Plants and human Life function finished
[INFO ] 2021-06-24 12:38:08.356 [main] CommonFunction - PracticeQuestion function running
[INFO ] 2021-06-24 12:38:08.858 [main] CommonFunction - GeneralStudies clicked
[INFO ] 2021-06-24 12:38:09.458 [main] CommonFunction - PracticeQuestion clicked
[INFO ] 2021-06-24 12:38:10.780 [main] CommonFunction - close Popup clicked
[INFO ] 2021-06-24 12:38:10.780 [main] CommonFunction - PracticeQuestion function finished
[INFO ] 2021-06-24 12:38:12.353 [main] CommonFunction - Browser closed
[INFO ] 2021-06-24 17:26:47.783 [main] CommonFunction - Property file Loaded
[INFO ] 2021-06-24 17:26:59.909 [main] CommonFunction - Browser Opened
[INFO ] 2021-06-24 17:27:08.965 [main] CommonFunction - getting url
[INFO ] 2021-06-24 17:27:16.411 [main] CommonFunction - Pre - Historic Period function running
[INFO ] 2021-06-24 17:27:39.850 [main] CommonFunction - General Studies clicked
[INFO ] 2021-06-24 17:27:41.919 [main] CommonFunction - History clicked
[INFO ] 2021-06-24 17:27:42.114 [main] CommonFunction - Pre - Historic Period clicked
[INFO ] 2021-06-24 17:27:43.365 [main] CommonFunction - Subscribe clicked
[INFO ] 2021-06-24 17:27:43.368 [main] CommonFunction - Pre - Historic Period function finished
[INFO ] 2021-06-24 17:27:43.994 [main] CommonFunction - Indus Valley Civilization function running
[INFO ] 2021-06-24 17:27:44.340 [main] CommonFunction - Indus Valley Civilization clicked
[INFO ] 2021-06-24 17:27:45.352 [main] CommonFunction - Subscribe clicked
[INFO ] 2021-06-24 17:27:45.352 [main] CommonFunction - Indus Valley Civilization function finished
[INFO ] 2021-06-24 17:27:45.728 [main] CommonFunction - Vedic Period - Pre Vedic and Post Vedic Period function running
[INFO ] 2021-06-24 17:27:46.047 [main] CommonFunction - Vedic Period - Pre Vedic and Post Vedic Period clicked
[INFO ] 2021-06-24 17:27:47.013 [main] CommonFunction - Subscribe clicked
[INFO ] 2021-06-24 17:27:47.013 [main] CommonFunction - Vedic Period - Pre Vedic and Post Vedic Period function finished
[INFO ] 2021-06-24 17:27:47.411 [main] CommonFunction - Mahajanapadas function running
[INFO ] 2021-06-24 17:27:47.626 [main] CommonFunction - Mahajanapadas clicked
[INFO ] 2021-06-24 17:27:48.673 [main] CommonFunction - Subscribe clicked
[INFO ] 2021-06-24 17:27:48.673 [main] CommonFunction - Mahajanapadas function finished
[INFO ] 2021-06-24 17:27:49.170 [main] CommonFunction - Mauryas function running
[INFO ] 2021-06-24 17:27:49.473 [main] CommonFunction - Mauryas clicked
[INFO ] 2021-06-24 17:27:50.458 [main] CommonFunction - Subscribe clicked
[INFO ] 2021-06-24 17:27:50.459 [main] CommonFunction - Mauryas function finished
[INFO ] 2021-06-24 17:27:50.803 [main] CommonFunction - Buddhism function running
[INFO ] 2021-06-24 17:27:51.103 [main] CommonFunction - Buddhism clicked
[INFO ] 2021-06-24 17:27:51.924 [main] CommonFunction - Subscribe clicked
[INFO ] 2021-06-24 17:27:51.924 [main] CommonFunction - Buddhism function finished
[INFO ] 2021-06-24 17:27:52.467 [main] CommonFunction - Jainism function running
[INFO ] 2021-06-24 17:27:52.727 [main] CommonFunction - Jainism clicked
[INFO ] 2021-06-24 17:27:53.323 [main] CommonFunction - Subscribe clicked
[INFO ] 2021-06-24 17:27:53.323 [main] CommonFunction - Jainism function finished
[INFO ] 2021-06-24 17:27:53.697 [main] CommonFunction - Post Mauryan India function running
[INFO ] 2021-06-24 17:27:53.989 [main] CommonFunction - Post Mauryan India clicked
[INFO ] 2021-06-24 17:27:54.898 [main] CommonFunction - Subscribe clicked
[INFO ] 2021-06-24 17:27:54.899 [main] CommonFunction - Post Mauryan India function finished
[INFO ] 2021-06-24 17:27:55.335 [main] CommonFunction - Guptas function running
[INFO ] 2021-06-24 17:27:55.559 [main] CommonFunction - Guptas clicked
[INFO ] 2021-06-24 17:27:56.633 [main] CommonFunction - Subscribe clicked
[INFO ] 2021-06-24 17:27:56.634 [main] CommonFunction - Guptas function finished
[INFO ] 2021-06-24 17:27:57.352 [main] CommonFunction - Harshvardhana Empire function running
[INFO ] 2021-06-24 17:27:57.653 [main] CommonFunction - Harshvardhana Empire clicked
[INFO ] 2021-06-24 17:27:58.229 [main] CommonFunction - Subscribe clicked
[INFO ] 2021-06-24 17:27:58.230 [main] CommonFunction - Harshvardhana Empire function finished
[INFO ] 2021-06-24 17:27:58.675 [main] CommonFunction - North Indian Kingdoms function running
[INFO ] 2021-06-24 17:27:59.110 [main] CommonFunction - North Indian Kingdoms clicked
[INFO ] 2021-06-24 17:28:00.840 [main] CommonFunction - Subscribe clicked
[INFO ] 2021-06-24 17:28:00.840 [main] CommonFunction - North Indian Kingdoms function finished
[INFO ] 2021-06-24 17:28:01.231 [main] CommonFunction - Invasion of Arab and Turks function running
[INFO ] 2021-06-24 17:28:01.549 [main] CommonFunction - Invasion of Arab and Turks clicked
[INFO ] 2021-06-24 17:28:02.606 [main] CommonFunction - Subscribe clicked
[INFO ] 2021-06-24 17:28:02.606 [main] CommonFunction - Invasion of Arab and Turks function finished
[INFO ] 2021-06-24 17:28:03.062 [main] CommonFunction - Delhi Sultanate function running
[INFO ] 2021-06-24 17:28:03.375 [main] CommonFunction - Delhi Sultanate clicked
[INFO ] 2021-06-24 17:28:03.911 [main] CommonFunction - Subscribe clicked
[INFO ] 2021-06-24 17:28:03.912 [main] CommonFunction - Delhi Sultanate function finished
[INFO ] 2021-06-24 17:28:04.452 [main] CommonFunction - Reformers of Bhakti Movement function running
[INFO ] 2021-06-24 17:28:04.789 [main] CommonFunction - Reformers of Bhakti Movement clicked
[INFO ] 2021-06-24 17:28:05.664 [main] CommonFunction - Subscribe clicked
[INFO ] 2021-06-24 17:28:05.664 [main] CommonFunction - Reformers of Bhakti Movement function finished
[INFO ] 2021-06-24 17:28:06.020 [main] CommonFunction - Vijayanagar and Bahmani Kingdom function running
[INFO ] 2021-06-24 17:28:06.263 [main] CommonFunction - Vijayanagar and Bahmani Kingdom clicked
[INFO ] 2021-06-24 17:28:07.118 [main] CommonFunction - Subscribe clicked
[INFO ] 2021-06-24 17:28:07.118 [main] CommonFunction - Vijayanagar and Bahmani Kingdom function finished
[INFO ] 2021-06-24 17:28:07.496 [main] CommonFunction - Mughals function running
[INFO ] 2021-06-24 17:28:07.810 [main] CommonFunction - Mughals clicked
[INFO ] 2021-06-24 17:28:08.422 [main] CommonFunction - Subscribe clicked
[INFO ] 2021-06-24 17:28:08.422 [main] CommonFunction - Mughals function finished
[INFO ] 2021-06-24 17:28:09.093 [main] CommonFunction - Marathas function running
[INFO ] 2021-06-24 17:28:09.527 [main] CommonFunction - Marathas clicked
[INFO ] 2021-06-24 17:28:10.653 [main] CommonFunction - Subscribe clicked
[INFO ] 2021-06-24 17:28:10.653 [main] CommonFunction - Marathas function finished
[INFO ] 2021-06-24 17:28:11.225 [main] CommonFunction - Advent of Europeans function running
[INFO ] 2021-06-24 17:28:11.524 [main] CommonFunction - Advent of Europeans clicked
[INFO ] 2021-06-24 17:28:12.328 [main] CommonFunction - Subscribe clicked
[INFO ] 2021-06-24 17:28:12.329 [main] CommonFunction - Advent of Europeans function finished
[INFO ] 2021-06-24 17:28:12.799 [main] CommonFunction - Carnatic Wars function running
[INFO ] 2021-06-24 17:28:13.041 [main] CommonFunction - Carnatic Wars clicked
[INFO ] 2021-06-24 17:28:13.526 [main] CommonFunction - Subscribe clicked
[INFO ] 2021-06-24 17:28:13.527 [main] CommonFunction - Carnatic Wars function finished
[INFO ] 2021-06-24 17:28:13.916 [main] CommonFunction - The Great Revolt of 1857 function running
[INFO ] 2021-06-24 17:28:14.196 [main] CommonFunction - Subscribe clicked
[INFO ] 2021-06-24 17:28:15.026 [main] CommonFunction - Subscribe clicked
[INFO ] 2021-06-24 17:28:15.026 [main] CommonFunction - The Great Revolt of 1857 function finished
[INFO ] 2021-06-24 17:28:15.429 [main] CommonFunction - Social and Religions Reform Movement in the 19th Century function running
[INFO ] 2021-06-24 17:28:15.659 [main] CommonFunction - Social and Religions Reform Movement in the 19th Century clicked
[INFO ] 2021-06-24 17:28:16.429 [main] CommonFunction - Subscribe clicked
[INFO ] 2021-06-24 17:28:16.430 [main] CommonFunction - Social and Religions Reform Movement in the 19th Century function finished
[INFO ] 2021-06-24 17:28:16.943 [main] CommonFunction - Educational Development in India function running
[INFO ] 2021-06-24 17:28:17.185 [main] CommonFunction - Educational Development in India clicked
[INFO ] 2021-06-24 17:28:17.732 [main] CommonFunction - Subscribe clicked
[INFO ] 2021-06-24 17:28:17.732 [main] CommonFunction - Educational Development in India function finished
[INFO ] 2021-06-24 17:28:18.105 [main] CommonFunction - Women Empowerment in India function running
[INFO ] 2021-06-24 17:28:18.388 [main] CommonFunction - Women Empowerment in India clicked
[INFO ] 2021-06-24 17:28:19.427 [main] CommonFunction - Subscribe clicked
[INFO ] 2021-06-24 17:28:19.427 [main] CommonFunction - Women Empowerment in India function finished
[INFO ] 2021-06-24 17:28:19.777 [main] CommonFunction - Rise of National Leaders function running
[INFO ] 2021-06-24 17:28:20.014 [main] CommonFunction - Rise of National Leaders clicked
[INFO ] 2021-06-24 17:28:20.773 [main] CommonFunction - Subscribe clicked
[INFO ] 2021-06-24 17:28:20.773 [main] CommonFunction - Rise of National Leaders function finished
[INFO ] 2021-06-24 17:28:21.152 [main] CommonFunction - Post - Independence India function running
[INFO ] 2021-06-24 17:28:21.389 [main] CommonFunction - Post - Independence India clicked
[INFO ] 2021-06-24 17:28:21.877 [main] CommonFunction - Subscribe clicked
[INFO ] 2021-06-24 17:28:21.878 [main] CommonFunction - Post - Independence India function finished
[INFO ] 2021-06-24 17:28:22.275 [main] CommonFunction - Cultural Features of India function running
[INFO ] 2021-06-24 17:28:22.549 [main] CommonFunction - Cultural Features of India clicked
[INFO ] 2021-06-24 17:28:23.562 [main] CommonFunction - Subscribe clicked
[INFO ] 2021-06-24 17:28:23.562 [main] CommonFunction - Cultural Features of India function finished
[INFO ] 2021-06-24 17:28:24.030 [main] CommonFunction - South Indian History Society and Culture in Ancient Tamizhagam function running
[INFO ] 2021-06-24 17:28:24.321 [main] CommonFunction - South Indian History Society and Culture in Ancient Tamizhagam clicked
[INFO ] 2021-06-24 17:28:25.366 [main] CommonFunction - Subscribe clicked
[INFO ] 2021-06-24 17:28:25.367 [main] CommonFunction - South Indian History Society and Culture in Ancient Tamizhagam function finished
[INFO ] 2021-06-24 17:28:25.789 [main] CommonFunction - Sangam Age function running
[INFO ] 2021-06-24 17:28:26.051 [main] CommonFunction - Sangam Age clicked
[INFO ] 2021-06-24 17:28:26.570 [main] CommonFunction - Subscribe clicked
[INFO ] 2021-06-24 17:28:26.570 [main] CommonFunction - Sangam Age function finished
[INFO ] 2021-06-24 17:28:26.938 [main] CommonFunction - Kalabras Period function running
[INFO ] 2021-06-24 17:28:27.231 [main] CommonFunction - Kalabras Period clicked
[INFO ] 2021-06-24 17:28:28.084 [main] CommonFunction - Subscribe clicked
[INFO ] 2021-06-24 17:28:28.084 [main] CommonFunction - Kalabras Period function finished
[INFO ] 2021-06-24 17:28:28.559 [main] CommonFunction - Pallavas, Pandyas Peirod function running
[INFO ] 2021-06-24 17:28:28.847 [main] CommonFunction - Pallavas, Pandyas Peirod clicked
[INFO ] 2021-06-24 17:28:29.618 [main] CommonFunction - Subscribe clicked
[INFO ] 2021-06-24 17:28:29.619 [main] CommonFunction - Pallavas, Pandyas Peirod function finished
[INFO ] 2021-06-24 17:28:30.050 [main] CommonFunction - Palayakkar's Rebellion in Tamilnadu function running
[INFO ] 2021-06-24 17:28:30.298 [main] CommonFunction - Palayakkar's Rebellion in Tamilnadu clicked
[INFO ] 2021-06-24 17:28:30.873 [main] CommonFunction - Subscribe clicked
[INFO ] 2021-06-24 17:28:30.873 [main] CommonFunction - Palayakkar's Rebellion in Tamilnadu function finished
[INFO ] 2021-06-24 17:28:31.249 [main] CommonFunction - Social Transformation in Tamilnadu function running
[INFO ] 2021-06-24 17:28:31.502 [main] CommonFunction - Social Transformation in Tamilnadu clicked
[INFO ] 2021-06-24 17:28:32.418 [main] CommonFunction - Subscribe clicked
[INFO ] 2021-06-24 17:28:32.418 [main] CommonFunction - Social Transformation in Tamilnadu function finished
[INFO ] 2021-06-24 17:28:32.913 [main] CommonFunction - Justice Party function running
[INFO ] 2021-06-24 17:28:33.221 [main] CommonFunction - Justice Party clicked
[INFO ] 2021-06-24 17:28:34.504 [main] CommonFunction - Subscribe clicked
[INFO ] 2021-06-24 17:28:34.505 [main] CommonFunction - Justice Party function finished
[INFO ] 2021-06-24 17:28:34.883 [main] CommonFunction - Swadeshi Movement function running
[INFO ] 2021-06-24 17:28:35.125 [main] CommonFunction - Swadeshi Movement clicked
[INFO ] 2021-06-24 17:28:35.710 [main] CommonFunction - Subscribe clicked
[INFO ] 2021-06-24 17:28:35.710 [main] CommonFunction - Swadeshi Movement function finished
[INFO ] 2021-06-24 17:28:36.128 [main] CommonFunction - Self - Respect Movement function running
[INFO ] 2021-06-24 17:28:36.442 [main] CommonFunction - Self - Respect Movement clicked
[INFO ] 2021-06-24 17:28:37.296 [main] CommonFunction - Subscribe clicked
[INFO ] 2021-06-24 17:28:37.297 [main] CommonFunction - Self - Respect Movement function finished
[INFO ] 2021-06-24 17:28:56.579 [main] CommonFunction - PracticeQuestion function running
[INFO ] 2021-06-24 17:28:57.180 [main] CommonFunction - GeneralStudies clicked
[INFO ] 2021-06-24 17:28:57.799 [main] CommonFunction - PracticeQuestion clicked
[INFO ] 2021-06-24 17:28:59.207 [main] CommonFunction - Subscribe clicked
[INFO ] 2021-06-24 17:28:59.207 [main] CommonFunction - PracticeQuestion function finished
[INFO ] 2021-06-24 17:29:01.930 [main] CommonFunction - Browser closed
